--- Log neu gestartet: 2025-03-28 10:31:00 ---
2025-03-28 10:31:00,514 - event_bot - INFO - Log-Datei gel√∂scht und Backup erstellt: log_backups/log_backup_2025-03-28_10-31-00.log
2025-03-28 10:31:00,668 - event_bot - ERROR - Fehler beim Senden von Feedback: 'NoneType' object has no attribute 'is_finished'
2025-03-28 10:31:00,668 - event_bot - INFO - üóëÔ∏è Log-L√∂schung: Admin saberrider hat die Log-Datei geleert
--- Log Start: 2025-03-28 10:32:30 ---
2025-03-28 10:32:30,122 - event_bot - INFO - Logger initialisiert
2025-03-28 10:32:30,123 - discord.client - WARNING - PyNaCl is not installed, voice will NOT be supported
2025-03-28 10:32:30,124 - event_bot - INFO - Data loaded from event_data.pkl
2025-03-28 10:32:30,127 - event_bot - INFO - Starting bot...
2025-03-28 10:32:30,128 - discord.client - INFO - logging in using static token
2025-03-28 10:32:30,730 - event_bot - INFO - Slash commands synced
2025-03-28 10:32:31,139 - discord.gateway - INFO - Shard ID None has connected to Gateway (Session ID: 58fb1a57fad52c076cf9cd4c455cfbd4).
2025-03-28 10:32:33,145 - event_bot - INFO - Bot eingeloggt als CoC-RegBot#5619
2025-03-28 10:32:33,145 - event_bot - INFO - Log-Kanal initialisiert: log (ID: 1353319170451968040)
2025-03-28 10:32:33,145 - event_bot - INFO - Event-Bot gestartet!
2025-03-28 10:32:33,179 - event_bot - INFO - Data loaded from event_data.pkl
2025-03-28 10:32:33,182 - event_bot - INFO - Channel gefunden: registration
2025-03-28 10:32:33,393 - event_bot - INFO - Hauptkanal initialisiert: registration (731677145214091316)
2025-03-28 10:36:34,275 - event_bot - ERROR - Fehler beim Senden von Feedback: 'NoneType' object has no attribute 'is_finished'
2025-03-28 10:36:34,275 - event_bot - ERROR - Auch zweiter Versuch fehlgeschlagen: expected view parameter to be of type View not NoneType
2025-03-28 10:36:58,311 - event_bot - INFO - üë§ Admin-Aktion: saberrider versucht, Team 'bot69' mit 5 Mitgliedern hinzuzuf√ºgen
2025-03-28 10:36:58,892 - event_bot - INFO - Admin saberrider hat Team bot69 mit 5 Personen zur Warteliste hinzugef√ºgt (keine Slots verf√ºgbar).
2025-03-28 10:36:58,893 - event_bot - INFO - üìù Admin saberrider hat Team 'bot69' mit 5 Personen zur Warteliste hinzugef√ºgt (keine Slots verf√ºgbar).
2025-03-28 10:36:59,146 - event_bot - INFO - Data saved to event_data.pkl
--- Log Start: 2025-03-28 10:39:14 ---
2025-03-28 10:39:14,201 - event_bot - INFO - Logger initialisiert
2025-03-28 10:39:14,202 - discord.client - WARNING - PyNaCl is not installed, voice will NOT be supported
2025-03-28 10:39:14,202 - event_bot - INFO - Data loaded from event_data.pkl
2025-03-28 10:39:14,205 - event_bot - INFO - Starting bot...
2025-03-28 10:39:14,206 - discord.client - INFO - logging in using static token
2025-03-28 10:39:14,851 - event_bot - INFO - Slash commands synced
2025-03-28 10:39:15,145 - discord.gateway - INFO - Shard ID None has connected to Gateway (Session ID: 55f4e37db142f8e131c9a69d03640928).
2025-03-28 10:39:17,156 - event_bot - INFO - Bot eingeloggt als CoC-RegBot#5619
2025-03-28 10:39:17,156 - event_bot - INFO - Log-Kanal initialisiert: log (ID: 1353319170451968040)
2025-03-28 10:39:17,156 - event_bot - INFO - Event-Bot gestartet!
2025-03-28 10:39:17,192 - event_bot - INFO - Data loaded from event_data.pkl
2025-03-28 10:39:17,195 - event_bot - INFO - Channel gefunden: registration
2025-03-28 10:39:17,380 - event_bot - INFO - Hauptkanal initialisiert: registration (731677145214091316)
--- Log Start: 2025-03-28 10:41:10 ---
2025-03-28 10:41:10,377 - event_bot - INFO - Logger initialisiert
2025-03-28 10:41:10,378 - discord.client - WARNING - PyNaCl is not installed, voice will NOT be supported
2025-03-28 10:41:10,379 - event_bot - INFO - Data loaded from event_data.pkl
2025-03-28 10:41:10,382 - event_bot - INFO - Starting bot...
2025-03-28 10:41:10,383 - discord.client - INFO - logging in using static token
2025-03-28 10:41:10,973 - event_bot - INFO - Slash commands synced
2025-03-28 10:41:11,321 - discord.gateway - INFO - Shard ID None has connected to Gateway (Session ID: 90d4d32c9174b663deb202070c1cd128).
2025-03-28 10:41:13,353 - event_bot - INFO - Bot eingeloggt als CoC-RegBot#5619
2025-03-28 10:41:13,354 - event_bot - INFO - Log-Kanal initialisiert: log (ID: 1353319170451968040)
2025-03-28 10:41:13,354 - event_bot - INFO - Event-Bot gestartet!
2025-03-28 10:41:13,356 - event_bot - INFO - Data loaded from event_data.pkl
2025-03-28 10:41:13,358 - event_bot - INFO - Channel gefunden: registration
2025-03-28 10:41:13,602 - event_bot - INFO - Hauptkanal initialisiert: registration (731677145214091316)
--- Log Start: 2025-03-28 10:42:27 ---
2025-03-28 10:42:27,179 - event_bot - INFO - Logger initialisiert
2025-03-28 10:42:27,180 - discord.client - WARNING - PyNaCl is not installed, voice will NOT be supported
2025-03-28 10:42:27,181 - event_bot - INFO - Data loaded from event_data.pkl
2025-03-28 10:42:27,184 - event_bot - INFO - Starting bot...
2025-03-28 10:42:27,184 - discord.client - INFO - logging in using static token
2025-03-28 10:42:27,876 - event_bot - INFO - Slash commands synced
2025-03-28 10:42:28,264 - discord.gateway - INFO - Shard ID None has connected to Gateway (Session ID: 0facff9cee6533fc28c8c30ac5a85dde).
2025-03-28 10:42:30,271 - event_bot - INFO - Bot eingeloggt als CoC-RegBot#5619
2025-03-28 10:42:30,271 - event_bot - INFO - Log-Kanal initialisiert: log (ID: 1353319170451968040)
2025-03-28 10:42:30,271 - event_bot - INFO - Event-Bot gestartet!
2025-03-28 10:42:30,314 - event_bot - INFO - Data loaded from event_data.pkl
2025-03-28 10:42:30,316 - event_bot - INFO - Channel gefunden: registration
2025-03-28 10:42:30,570 - event_bot - INFO - Hauptkanal initialisiert: registration (731677145214091316)
2025-03-28 10:47:09,608 - event_bot - INFO - üìà Teamgr√∂√üe erh√∂ht: Admin saberrider hat die Gr√∂√üe von Team 'test21' von 9 auf 18 erh√∂ht (Event +0, Warteliste +9)
2025-03-28 10:47:10,122 - event_bot - INFO - Data saved to event_data.pkl
2025-03-28 10:47:33,773 - event_bot - INFO - üìâ Teamgr√∂√üe verringert: Admin saberrider hat die Gr√∂√üe von Team 'test21' von 18 auf 5 verringert (Warteliste -9, Event -4)
2025-03-28 10:47:34,259 - event_bot - INFO - Data saved to event_data.pkl
2025-03-28 10:47:34,259 - event_bot - INFO - ‚è´ Warteliste verarbeitet: 2 Teams aufger√ºckt (initiiert von saberrider)
2025-03-28 10:47:34,785 - event_bot - INFO - üìã Team 'bot5': 3 Mitglieder von der Warteliste aufger√ºckt
2025-03-28 10:47:35,131 - event_bot - INFO - üìã Team 'bot666': 1 Mitglieder von der Warteliste aufger√ºckt
2025-03-28 10:47:35,442 - event_bot - INFO - Data saved to event_data.pkl
--- Log Start: 2025-03-28 11:14:26 ---
2025-03-28 11:14:26,741 - event_bot - INFO - Logger initialisiert
2025-03-28 11:14:26,742 - discord.client - WARNING - PyNaCl is not installed, voice will NOT be supported
2025-03-28 11:14:26,743 - event_bot - INFO - Data loaded from event_data.pkl
2025-03-28 11:14:26,747 - event_bot - INFO - Starting bot...
2025-03-28 11:14:26,748 - discord.client - INFO - logging in using static token
2025-03-28 11:14:27,438 - event_bot - INFO - Slash commands synced
2025-03-28 11:14:27,795 - discord.gateway - INFO - Shard ID None has connected to Gateway (Session ID: ebeaf2f992101a19fe502f008f2e7a2f).
2025-03-28 11:14:29,801 - event_bot - INFO - Bot eingeloggt als CoC-RegBot#5619
2025-03-28 11:14:29,801 - event_bot - INFO - Log-Kanal initialisiert: log (ID: 1353319170451968040)
2025-03-28 11:14:29,801 - event_bot - INFO - Event-Bot gestartet!
2025-03-28 11:14:29,808 - event_bot - INFO - Data loaded from event_data.pkl
2025-03-28 11:14:29,812 - event_bot - INFO - Channel gefunden: registration
2025-03-28 11:14:30,054 - event_bot - INFO - Hauptkanal initialisiert: registration (731677145214091316)
2025-03-28 11:14:48,377 - event_bot - INFO - Slash-Command: /help ausgef√ºhrt von saberrider (552617940168736770) in Kanal registration
2025-03-28 11:14:48,494 - discord.app_commands.tree - ERROR - Ignoring exception in command 'help'
Traceback (most recent call last):
  File "/home/runner/workspace/.pythonlibs/lib/python3.11/site-packages/discord/app_commands/commands.py", line 858, in _do_call
    return await self._callback(interaction, **params)  # type: ignore
           ^^^^^^^^^^^^^^^^^^^^^^^^^^^^^^^^^^^^^^^^^^^
  File "/home/runner/workspace/bot.py", line 4050, in help_command
    await interaction.response.send_message(embed=embed, ephemeral=True)
  File "/home/runner/workspace/.pythonlibs/lib/python3.11/site-packages/discord/interactions.py", line 1004, in send_message
    response = await adapter.create_interaction_response(
               ^^^^^^^^^^^^^^^^^^^^^^^^^^^^^^^^^^^^^^^^^^
  File "/home/runner/workspace/.pythonlibs/lib/python3.11/site-packages/discord/webhook/async_.py", line 224, in request
    raise NotFound(response, data)
discord.errors.NotFound: 404 Not Found (error code: 10062): Unknown interaction

The above exception was the direct cause of the following exception:

Traceback (most recent call last):
  File "/home/runner/workspace/.pythonlibs/lib/python3.11/site-packages/discord/app_commands/tree.py", line 1310, in _call
    await command._invoke_with_namespace(interaction, namespace)
  File "/home/runner/workspace/.pythonlibs/lib/python3.11/site-packages/discord/app_commands/commands.py", line 883, in _invoke_with_namespace
    return await self._do_call(interaction, transformed_values)
           ^^^^^^^^^^^^^^^^^^^^^^^^^^^^^^^^^^^^^^^^^^^^^^^^^^^^
  File "/home/runner/workspace/.pythonlibs/lib/python3.11/site-packages/discord/app_commands/commands.py", line 876, in _do_call
    raise CommandInvokeError(self, e) from e
discord.app_commands.errors.CommandInvokeError: Command 'help' raised an exception: NotFound: 404 Not Found (error code: 10062): Unknown interaction
--- Log Start: 2025-03-28 11:16:55 ---
2025-03-28 11:16:55,857 - event_bot - INFO - Logger initialisiert
2025-03-28 11:16:55,858 - discord.client - WARNING - PyNaCl is not installed, voice will NOT be supported
2025-03-28 11:16:55,858 - event_bot - INFO - Data loaded from event_data.pkl
2025-03-28 11:16:55,861 - event_bot - INFO - Starting bot...
2025-03-28 11:16:55,862 - discord.client - INFO - logging in using static token
2025-03-28 11:16:56,872 - event_bot - INFO - Slash commands synced
2025-03-28 11:16:57,213 - discord.gateway - INFO - Shard ID None has connected to Gateway (Session ID: 8c21e34bf1de737abd6b3b1d9e2de191).
2025-03-28 11:16:59,228 - event_bot - INFO - Bot eingeloggt als CoC-RegBot#5619
2025-03-28 11:16:59,229 - event_bot - INFO - Log-Kanal initialisiert: log (ID: 1353319170451968040)
2025-03-28 11:16:59,229 - event_bot - INFO - Event-Bot gestartet!
2025-03-28 11:16:59,263 - event_bot - INFO - Data loaded from event_data.pkl
2025-03-28 11:16:59,265 - event_bot - INFO - Channel gefunden: registration
2025-03-28 11:16:59,473 - event_bot - INFO - Hauptkanal initialisiert: registration (731677145214091316)
--- Log Start: 2025-03-28 11:25:15 ---
2025-03-28 11:25:15,253 - event_bot - INFO - Logger initialisiert
2025-03-28 11:25:15,254 - discord.client - WARNING - PyNaCl is not installed, voice will NOT be supported
2025-03-28 11:25:15,255 - event_bot - INFO - Data loaded from event_data.pkl
2025-03-28 11:25:15,258 - event_bot - INFO - Starting bot...
2025-03-28 11:25:15,258 - discord.client - INFO - logging in using static token
2025-03-28 11:25:16,478 - event_bot - INFO - Slash commands synced
2025-03-28 11:25:17,011 - discord.gateway - INFO - Shard ID None has connected to Gateway (Session ID: 11b888633c08588fe09c7cde17d29de7).
2025-03-28 11:25:19,032 - event_bot - INFO - Bot eingeloggt als CoC-RegBot#5619
2025-03-28 11:25:19,032 - event_bot - INFO - Log-Kanal initialisiert: log (ID: 1353319170451968040)
2025-03-28 11:25:19,032 - event_bot - INFO - Event-Bot gestartet!
2025-03-28 11:25:19,035 - event_bot - INFO - Data loaded from event_data.pkl
2025-03-28 11:25:19,038 - event_bot - INFO - Channel gefunden: registration
2025-03-28 11:25:19,273 - event_bot - INFO - Hauptkanal initialisiert: registration (731677145214091316)
--- Log Start: 2025-03-28 11:26:37 ---
2025-03-28 11:26:37,354 - event_bot - INFO - Logger initialisiert
2025-03-28 11:26:37,355 - discord.client - WARNING - PyNaCl is not installed, voice will NOT be supported
2025-03-28 11:26:37,356 - event_bot - INFO - Data loaded from event_data.pkl
2025-03-28 11:26:37,359 - event_bot - INFO - Starting bot...
2025-03-28 11:26:37,359 - discord.client - INFO - logging in using static token
2025-03-28 11:26:38,051 - event_bot - INFO - Slash commands synced
2025-03-28 11:26:38,431 - discord.gateway - INFO - Shard ID None has connected to Gateway (Session ID: 4473061c096a924de72fadf425234ca1).
2025-03-28 11:26:40,438 - event_bot - INFO - Bot eingeloggt als CoC-RegBot#5619
2025-03-28 11:26:40,439 - event_bot - INFO - Log-Kanal initialisiert: log (ID: 1353319170451968040)
2025-03-28 11:26:40,439 - event_bot - INFO - Event-Bot gestartet!
2025-03-28 11:26:40,490 - event_bot - INFO - Data loaded from event_data.pkl
2025-03-28 11:26:40,493 - event_bot - INFO - Channel gefunden: registration
2025-03-28 11:26:40,957 - event_bot - INFO - Hauptkanal initialisiert: registration (731677145214091316)
--- Log Start: 2025-03-28 11:45:27 ---
2025-03-28 11:45:27,010 - event_bot - INFO - Logger initialisiert
2025-03-28 11:45:27,011 - discord.client - WARNING - PyNaCl is not installed, voice will NOT be supported
2025-03-28 11:45:27,011 - event_bot - INFO - Data loaded from event_data.pkl
2025-03-28 11:45:27,014 - event_bot - INFO - Starting bot...
2025-03-28 11:45:27,015 - discord.client - INFO - logging in using static token
2025-03-28 11:45:27,736 - event_bot - INFO - Slash commands synced
2025-03-28 11:45:29,503 - discord.gateway - INFO - Shard ID None has connected to Gateway (Session ID: 5d64b912be2a6bc7484cc0d866896168).
2025-03-28 11:45:31,509 - event_bot - INFO - Bot eingeloggt als CoC-RegBot#5619
2025-03-28 11:45:31,509 - event_bot - INFO - Log-Kanal initialisiert: log (ID: 1353319170451968040)
2025-03-28 11:45:31,509 - event_bot - INFO - Event-Bot gestartet!
2025-03-28 11:45:31,562 - event_bot - INFO - Data loaded from event_data.pkl
2025-03-28 11:45:31,565 - event_bot - WARNING - Kein Channel gesetzt. Bitte nutze den Slash-Befehl /set_channel, um einen Channel zu definieren.
2025-03-28 11:45:31,568 - event_bot - WARNING - Kein Hauptkanal gesetzt. Bitte /set_channel verwenden.
2025-03-28 11:47:02,565 - event_bot - ERROR - Fehler beim Senden von Feedback: 404 Not Found (error code: 10062): Unknown interaction
--- Log Start: 2025-03-28 11:49:00 ---
2025-03-28 11:49:00,954 - event_bot - INFO - Logger initialisiert
2025-03-28 11:49:00,955 - discord.client - WARNING - PyNaCl is not installed, voice will NOT be supported
2025-03-28 11:49:00,956 - event_bot - INFO - Data loaded from event_data.pkl
2025-03-28 11:49:00,960 - event_bot - INFO - Starting bot...
2025-03-28 11:49:00,960 - discord.client - INFO - logging in using static token
2025-03-28 11:49:01,658 - event_bot - INFO - Slash commands synced
2025-03-28 11:49:01,913 - discord.gateway - INFO - Shard ID None has connected to Gateway (Session ID: d18daf3cf2bef82c92b36e3824f3909a).
2025-03-28 11:49:03,957 - event_bot - INFO - Bot eingeloggt als CoC-RegBot#5619
2025-03-28 11:49:03,958 - event_bot - INFO - Log-Kanal initialisiert: log (ID: 1353319170451968040)
2025-03-28 11:49:03,958 - event_bot - INFO - Event-Bot gestartet!
2025-03-28 11:49:04,002 - event_bot - INFO - Data loaded from event_data.pkl
2025-03-28 11:49:04,005 - event_bot - INFO - Channel gefunden: registration
2025-03-28 11:49:04,296 - event_bot - INFO - Hauptkanal initialisiert: registration (731677145214091316)
2025-03-28 11:54:39,794 - discord.app_commands.tree - ERROR - Ignoring exception in command 'team_list'
Traceback (most recent call last):
  File "/home/runner/workspace/.pythonlibs/lib/python3.11/site-packages/discord/app_commands/commands.py", line 858, in _do_call
    return await self._callback(interaction, **params)  # type: ignore
           ^^^^^^^^^^^^^^^^^^^^^^^^^^^^^^^^^^^^^^^^^^^
  File "/home/runner/workspace/bot.py", line 3930, in team_list
    await interaction.response.send_message(embed=embed)
  File "/home/runner/workspace/.pythonlibs/lib/python3.11/site-packages/discord/interactions.py", line 1004, in send_message
    response = await adapter.create_interaction_response(
               ^^^^^^^^^^^^^^^^^^^^^^^^^^^^^^^^^^^^^^^^^^
  File "/home/runner/workspace/.pythonlibs/lib/python3.11/site-packages/discord/webhook/async_.py", line 224, in request
    raise NotFound(response, data)
discord.errors.NotFound: 404 Not Found (error code: 10062): Unknown interaction

The above exception was the direct cause of the following exception:

Traceback (most recent call last):
  File "/home/runner/workspace/.pythonlibs/lib/python3.11/site-packages/discord/app_commands/tree.py", line 1310, in _call
    await command._invoke_with_namespace(interaction, namespace)
  File "/home/runner/workspace/.pythonlibs/lib/python3.11/site-packages/discord/app_commands/commands.py", line 883, in _invoke_with_namespace
    return await self._do_call(interaction, transformed_values)
           ^^^^^^^^^^^^^^^^^^^^^^^^^^^^^^^^^^^^^^^^^^^^^^^^^^^^
  File "/home/runner/workspace/.pythonlibs/lib/python3.11/site-packages/discord/app_commands/commands.py", line 876, in _do_call
    raise CommandInvokeError(self, e) from e
discord.app_commands.errors.CommandInvokeError: Command 'team_list' raised an exception: NotFound: 404 Not Found (error code: 10062): Unknown interaction
2025-03-28 11:54:50,919 - discord.app_commands.tree - ERROR - Ignoring exception in command 'open_reg'
Traceback (most recent call last):
  File "/home/runner/workspace/.pythonlibs/lib/python3.11/site-packages/discord/app_commands/commands.py", line 858, in _do_call
    return await self._callback(interaction, **params)  # type: ignore
           ^^^^^^^^^^^^^^^^^^^^^^^^^^^^^^^^^^^^^^^^^^^
  File "/home/runner/workspace/bot.py", line 3767, in open_registration
    await interaction.response.send_message(
  File "/home/runner/workspace/.pythonlibs/lib/python3.11/site-packages/discord/interactions.py", line 1004, in send_message
    response = await adapter.create_interaction_response(
               ^^^^^^^^^^^^^^^^^^^^^^^^^^^^^^^^^^^^^^^^^^
  File "/home/runner/workspace/.pythonlibs/lib/python3.11/site-packages/discord/webhook/async_.py", line 224, in request
    raise NotFound(response, data)
discord.errors.NotFound: 404 Not Found (error code: 10062): Unknown interaction

The above exception was the direct cause of the following exception:

Traceback (most recent call last):
  File "/home/runner/workspace/.pythonlibs/lib/python3.11/site-packages/discord/app_commands/tree.py", line 1310, in _call
    await command._invoke_with_namespace(interaction, namespace)
  File "/home/runner/workspace/.pythonlibs/lib/python3.11/site-packages/discord/app_commands/commands.py", line 883, in _invoke_with_namespace
    return await self._do_call(interaction, transformed_values)
           ^^^^^^^^^^^^^^^^^^^^^^^^^^^^^^^^^^^^^^^^^^^^^^^^^^^^
  File "/home/runner/workspace/.pythonlibs/lib/python3.11/site-packages/discord/app_commands/commands.py", line 876, in _do_call
    raise CommandInvokeError(self, e) from e
discord.app_commands.errors.CommandInvokeError: Command 'open_reg' raised an exception: NotFound: 404 Not Found (error code: 10062): Unknown interaction
2025-03-28 11:55:09,717 - discord.app_commands.tree - ERROR - Ignoring exception in command 'reg'
Traceback (most recent call last):
  File "/home/runner/workspace/.pythonlibs/lib/python3.11/site-packages/discord/app_commands/commands.py", line 858, in _do_call
    return await self._callback(interaction, **params)  # type: ignore
           ^^^^^^^^^^^^^^^^^^^^^^^^^^^^^^^^^^^^^^^^^^^
  File "/home/runner/workspace/bot.py", line 3739, in register_team
    success = await update_team_size(interaction, team_name, size)
              ^^^^^^^^^^^^^^^^^^^^^^^^^^^^^^^^^^^^^^^^^^^^^^^^^^^^
  File "/home/runner/workspace/bot.py", line 2635, in update_team_size
    await interaction.response.send_message(
  File "/home/runner/workspace/.pythonlibs/lib/python3.11/site-packages/discord/interactions.py", line 1004, in send_message
    response = await adapter.create_interaction_response(
               ^^^^^^^^^^^^^^^^^^^^^^^^^^^^^^^^^^^^^^^^^^
  File "/home/runner/workspace/.pythonlibs/lib/python3.11/site-packages/discord/webhook/async_.py", line 224, in request
    raise NotFound(response, data)
discord.errors.NotFound: 404 Not Found (error code: 10062): Unknown interaction

The above exception was the direct cause of the following exception:

Traceback (most recent call last):
  File "/home/runner/workspace/.pythonlibs/lib/python3.11/site-packages/discord/app_commands/tree.py", line 1310, in _call
    await command._invoke_with_namespace(interaction, namespace)
  File "/home/runner/workspace/.pythonlibs/lib/python3.11/site-packages/discord/app_commands/commands.py", line 883, in _invoke_with_namespace
    return await self._do_call(interaction, transformed_values)
           ^^^^^^^^^^^^^^^^^^^^^^^^^^^^^^^^^^^^^^^^^^^^^^^^^^^^
  File "/home/runner/workspace/.pythonlibs/lib/python3.11/site-packages/discord/app_commands/commands.py", line 876, in _do_call
    raise CommandInvokeError(self, e) from e
discord.app_commands.errors.CommandInvokeError: Command 'reg' raised an exception: NotFound: 404 Not Found (error code: 10062): Unknown interaction
2025-03-28 11:55:42,790 - discord.app_commands.tree - ERROR - Ignoring exception in command 'reset_team_assignment'
Traceback (most recent call last):
  File "/home/runner/workspace/.pythonlibs/lib/python3.11/site-packages/discord/app_commands/commands.py", line 858, in _do_call
    return await self._callback(interaction, **params)  # type: ignore
           ^^^^^^^^^^^^^^^^^^^^^^^^^^^^^^^^^^^^^^^^^^^
  File "/home/runner/workspace/bot.py", line 3812, in reset_team_assignment
    await interaction.response.send_message(f"{user.display_name} ist keinem Team zugewiesen.")
  File "/home/runner/workspace/.pythonlibs/lib/python3.11/site-packages/discord/interactions.py", line 1004, in send_message
    response = await adapter.create_interaction_response(
               ^^^^^^^^^^^^^^^^^^^^^^^^^^^^^^^^^^^^^^^^^^
  File "/home/runner/workspace/.pythonlibs/lib/python3.11/site-packages/discord/webhook/async_.py", line 224, in request
    raise NotFound(response, data)
discord.errors.NotFound: 404 Not Found (error code: 10062): Unknown interaction

The above exception was the direct cause of the following exception:

Traceback (most recent call last):
  File "/home/runner/workspace/.pythonlibs/lib/python3.11/site-packages/discord/app_commands/tree.py", line 1310, in _call
    await command._invoke_with_namespace(interaction, namespace)
  File "/home/runner/workspace/.pythonlibs/lib/python3.11/site-packages/discord/app_commands/commands.py", line 883, in _invoke_with_namespace
    return await self._do_call(interaction, transformed_values)
           ^^^^^^^^^^^^^^^^^^^^^^^^^^^^^^^^^^^^^^^^^^^^^^^^^^^^
  File "/home/runner/workspace/.pythonlibs/lib/python3.11/site-packages/discord/app_commands/commands.py", line 876, in _do_call
    raise CommandInvokeError(self, e) from e
discord.app_commands.errors.CommandInvokeError: Command 'reset_team_assignment' raised an exception: NotFound: 404 Not Found (error code: 10062): Unknown interaction
2025-03-28 11:55:53,057 - discord.app_commands.tree - ERROR - Ignoring exception in command 'reg'
Traceback (most recent call last):
  File "/home/runner/workspace/.pythonlibs/lib/python3.11/site-packages/discord/app_commands/commands.py", line 858, in _do_call
    return await self._callback(interaction, **params)  # type: ignore
           ^^^^^^^^^^^^^^^^^^^^^^^^^^^^^^^^^^^^^^^^^^^
  File "/home/runner/workspace/bot.py", line 3739, in register_team
  File "/home/runner/workspace/bot.py", line 2635, in update_team_size
    await interaction.response.send_message(
  File "/home/runner/workspace/.pythonlibs/lib/python3.11/site-packages/discord/interactions.py", line 1004, in send_message
    response = await adapter.create_interaction_response(
               ^^^^^^^^^^^^^^^^^^^^^^^^^^^^^^^^^^^^^^^^^^
  File "/home/runner/workspace/.pythonlibs/lib/python3.11/site-packages/discord/webhook/async_.py", line 224, in request
    raise NotFound(response, data)
discord.errors.NotFound: 404 Not Found (error code: 10062): Unknown interaction

The above exception was the direct cause of the following exception:

Traceback (most recent call last):
  File "/home/runner/workspace/.pythonlibs/lib/python3.11/site-packages/discord/app_commands/tree.py", line 1310, in _call
    await command._invoke_with_namespace(interaction, namespace)
  File "/home/runner/workspace/.pythonlibs/lib/python3.11/site-packages/discord/app_commands/commands.py", line 883, in _invoke_with_namespace
    return await self._do_call(interaction, transformed_values)
           ^^^^^^^^^^^^^^^^^^^^^^^^^^^^^^^^^^^^^^^^^^^^^^^^^^^^
  File "/home/runner/workspace/.pythonlibs/lib/python3.11/site-packages/discord/app_commands/commands.py", line 876, in _do_call
    raise CommandInvokeError(self, e) from e
discord.app_commands.errors.CommandInvokeError: Command 'reg' raised an exception: NotFound: 404 Not Found (error code: 10062): Unknown interaction
--- Log Start: 2025-03-28 11:56:30 ---
2025-03-28 11:56:30,444 - event_bot - INFO - Logger initialisiert
2025-03-28 11:56:30,445 - discord.client - WARNING - PyNaCl is not installed, voice will NOT be supported
2025-03-28 11:56:30,445 - event_bot - INFO - Data loaded from event_data.pkl
--- Log Start: 2025-03-28 11:56:54 ---
2025-03-28 11:56:54,169 - event_bot - INFO - Logger initialisiert
2025-03-28 11:56:54,170 - discord.client - WARNING - PyNaCl is not installed, voice will NOT be supported
2025-03-28 11:56:54,171 - event_bot - INFO - Data loaded from event_data.pkl
2025-03-28 11:56:54,174 - event_bot - INFO - Starting bot...
2025-03-28 11:56:54,175 - discord.client - INFO - logging in using static token
2025-03-28 11:56:54,833 - event_bot - INFO - Slash commands synced
2025-03-28 11:56:55,153 - discord.gateway - INFO - Shard ID None has connected to Gateway (Session ID: c48acd3a220ef401db39332f01bf0116).
2025-03-28 11:56:57,159 - event_bot - INFO - Bot eingeloggt als CoC-RegBot#5619
2025-03-28 11:56:57,159 - event_bot - INFO - Log-Kanal initialisiert: log (ID: 1353319170451968040)
2025-03-28 11:56:57,159 - event_bot - INFO - Event-Bot gestartet!
2025-03-28 11:56:57,192 - event_bot - INFO - Data loaded from event_data.pkl
2025-03-28 11:56:57,195 - event_bot - INFO - Channel gefunden: registration
2025-03-28 11:56:57,394 - event_bot - INFO - Hauptkanal initialisiert: registration (731677145214091316)
2025-03-28 12:06:06,602 - event_bot - INFO - Slash-Command: /help ausgef√ºhrt von saberrider (552617940168736770) in Kanal registration
2025-03-28 12:06:27,677 - event_bot - INFO - Data saved to event_data.pkl
2025-03-28 12:06:27,678 - event_bot - INFO - ‚¨ÜÔ∏è Teamgr√∂√üe angepasst: Admin saberrider hat die maximale Teamgr√∂√üe f√ºr Event 'Saber the huth' von 18 auf 99 ge√§ndert
2025-03-28 12:10:03,158 - event_bot - INFO - Slash-Command: /event ausgef√ºhrt von saberrider (552617940168736770) in Kanal registration
2025-03-28 12:11:04,220 - discord.gateway - INFO - Shard ID None has successfully RESUMED session c48acd3a220ef401db39332f01bf0116.
--- Log Start: 2025-03-28 12:14:25 ---
2025-03-28 12:14:25,846 - event_bot - INFO - Logger initialisiert
2025-03-28 12:14:25,847 - discord.client - WARNING - PyNaCl is not installed, voice will NOT be supported
2025-03-28 12:14:25,848 - event_bot - INFO - Data loaded from event_data.pkl
2025-03-28 12:14:25,851 - event_bot - INFO - Starting bot...
--- Log Start: 2025-03-28 12:15:49 ---
2025-03-28 12:15:49,697 - event_bot - INFO - Logger initialisiert
2025-03-28 12:15:49,698 - discord.client - WARNING - PyNaCl is not installed, voice will NOT be supported
2025-03-28 12:15:49,698 - event_bot - INFO - Data loaded from event_data.pkl
2025-03-28 12:15:49,701 - event_bot - INFO - Starting bot...
--- Log Start: 2025-03-28 12:15:53 ---
2025-03-28 12:15:53,006 - event_bot - INFO - Logger initialisiert
2025-03-28 12:15:53,007 - discord.client - WARNING - PyNaCl is not installed, voice will NOT be supported
2025-03-28 12:15:53,008 - event_bot - INFO - Data loaded from event_data.pkl
2025-03-28 12:15:53,012 - event_bot - INFO - Starting bot...
--- Log Start: 2025-03-28 12:16:29 ---
2025-03-28 12:16:29,827 - event_bot - INFO - Logger initialisiert
2025-03-28 12:16:29,828 - discord.client - WARNING - PyNaCl is not installed, voice will NOT be supported
2025-03-28 12:16:29,829 - event_bot - INFO - Data loaded from event_data.pkl
2025-03-28 12:16:29,833 - event_bot - INFO - Starting bot...
--- Log Start: 2025-03-28 12:16:33 ---
2025-03-28 12:16:33,273 - event_bot - INFO - Logger initialisiert
2025-03-28 12:16:33,273 - discord.client - WARNING - PyNaCl is not installed, voice will NOT be supported
2025-03-28 12:16:33,274 - event_bot - INFO - Data loaded from event_data.pkl
2025-03-28 12:16:33,278 - event_bot - INFO - Starting bot...
--- Log Start: 2025-03-28 12:16:42 ---
2025-03-28 12:16:42,819 - event_bot - INFO - Logger initialisiert
2025-03-28 12:16:42,820 - discord.client - WARNING - PyNaCl is not installed, voice will NOT be supported
2025-03-28 12:16:42,821 - event_bot - INFO - Data loaded from event_data.pkl
2025-03-28 12:16:42,825 - event_bot - INFO - Starting bot...
--- Log Start: 2025-03-28 12:17:41 ---
2025-03-28 12:17:41,181 - event_bot - INFO - Logger initialisiert
2025-03-28 12:17:41,182 - discord.client - WARNING - PyNaCl is not installed, voice will NOT be supported
2025-03-28 12:17:41,183 - event_bot - INFO - Data loaded from event_data.pkl
2025-03-28 12:17:41,187 - event_bot - INFO - Starting bot...
2025-03-28 12:17:41,187 - discord.client - INFO - logging in using static token
2025-03-28 12:17:41,955 - event_bot - INFO - Slash commands synced
2025-03-28 12:17:42,242 - discord.gateway - INFO - Shard ID None has connected to Gateway (Session ID: 0852b23fd557a9e85bff3eafd03f15b5).
2025-03-28 12:17:44,250 - event_bot - INFO - Bot eingeloggt als CoC-RegBot#5619
2025-03-28 12:17:44,250 - event_bot - INFO - Log-Kanal initialisiert: log (ID: 1353319170451968040)
2025-03-28 12:17:44,250 - event_bot - INFO - Event-Bot gestartet!
2025-03-28 12:17:44,307 - event_bot - INFO - Data loaded from event_data.pkl
2025-03-28 12:17:44,311 - event_bot - ERROR - Fehler beim Senden der Nachricht an den Log-Kanal: asyncio.run() cannot be called from a running event loop
2025-03-28 12:17:44,321 - event_bot - INFO - Channel gefunden: registration
2025-03-28 12:17:44,819 - event_bot - INFO - Hauptkanal initialisiert: registration (731677145214091316)
2025-03-28 12:17:44,822 - event_bot - INFO - Data loaded from event_data.pkl
2025-03-28 12:17:44,825 - event_bot - ERROR - Fehler beim Senden der Nachricht an den Log-Kanal: asyncio.run() cannot be called from a running event loop
--- Log Start: 2025-03-28 12:18:40 ---
2025-03-28 12:18:40,669 - event_bot - INFO - Logger initialisiert
2025-03-28 12:18:40,669 - discord.client - WARNING - PyNaCl is not installed, voice will NOT be supported
2025-03-28 12:18:40,670 - event_bot - INFO - Data loaded from event_data.pkl
2025-03-28 12:18:40,673 - event_bot - INFO - Starting bot...
--- Log Start: 2025-03-28 12:19:31 ---
2025-03-28 12:19:31,942 - event_bot - INFO - Logger initialisiert
2025-03-28 12:19:31,942 - discord.client - WARNING - PyNaCl is not installed, voice will NOT be supported
2025-03-28 12:19:31,943 - event_bot - INFO - Data loaded from event_data.pkl
2025-03-28 12:19:31,946 - event_bot - INFO - Starting bot...
2025-03-28 12:19:31,947 - discord.client - INFO - logging in using static token
2025-03-28 12:19:33,528 - event_bot - INFO - Slash commands synced
2025-03-28 12:19:33,822 - discord.gateway - INFO - Shard ID None has connected to Gateway (Session ID: 311ae7f4cf52f6eddcf408a1bb09e39d).
2025-03-28 12:19:35,829 - event_bot - INFO - Bot eingeloggt als CoC-RegBot#5619
2025-03-28 12:19:35,829 - event_bot - INFO - Log-Kanal initialisiert: log (ID: 1353319170451968040)
2025-03-28 12:19:35,830 - event_bot - INFO - Event-Bot gestartet!
2025-03-28 12:19:35,833 - event_bot - INFO - Data loaded from event_data.pkl
2025-03-28 12:19:35,837 - event_bot - ERROR - Fehler beim Senden der Nachricht an den Log-Kanal: asyncio.run() cannot be called from a running event loop
2025-03-28 12:19:35,839 - event_bot - INFO - Channel gefunden: registration
2025-03-28 12:19:36,044 - event_bot - INFO - Hauptkanal initialisiert: registration (731677145214091316)
2025-03-28 12:19:36,046 - event_bot - INFO - Data loaded from event_data.pkl
2025-03-28 12:19:36,049 - event_bot - ERROR - Fehler beim Senden der Nachricht an den Log-Kanal: asyncio.run() cannot be called from a running event loop
--- Log Start: 2025-03-28 12:20:37 ---
2025-03-28 12:20:37,530 - event_bot - INFO - Logger initialisiert
2025-03-28 12:20:37,531 - discord.client - WARNING - PyNaCl is not installed, voice will NOT be supported
2025-03-28 12:20:37,532 - event_bot - INFO - Data loaded from event_data.pkl
2025-03-28 12:20:37,535 - event_bot - INFO - Starting bot...
2025-03-28 12:20:37,535 - discord.client - INFO - logging in using static token
2025-03-28 12:20:38,304 - event_bot - INFO - Slash commands synced
2025-03-28 12:20:38,603 - discord.gateway - INFO - Shard ID None has connected to Gateway (Session ID: 35a68daa22bc343ebe5f8c47bda31854).
2025-03-28 12:20:40,619 - event_bot - INFO - Bot eingeloggt als CoC-RegBot#5619
2025-03-28 12:20:40,620 - event_bot - INFO - Log-Kanal initialisiert: log (ID: 1353319170451968040)
2025-03-28 12:20:40,620 - event_bot - INFO - Event-Bot gestartet!
2025-03-28 12:20:40,653 - event_bot - INFO - Data loaded from event_data.pkl
2025-03-28 12:20:40,655 - event_bot - INFO - Channel gefunden: registration
2025-03-28 12:20:41,070 - event_bot - INFO - Hauptkanal initialisiert: registration (731677145214091316)
--- Log Start: 2025-03-28 12:25:25 ---
2025-03-28 12:25:25,997 - event_bot - INFO - Logger initialisiert
2025-03-28 12:25:25,998 - discord.client - WARNING - PyNaCl is not installed, voice will NOT be supported
2025-03-28 12:25:26,000 - event_bot - INFO - Data loaded from event_data.pkl
--- Log Start: 2025-03-28 12:27:25 ---
2025-03-28 12:27:25,241 - event_bot - INFO - Logger initialisiert
2025-03-28 12:27:25,242 - discord.client - WARNING - PyNaCl is not installed, voice will NOT be supported
2025-03-28 12:27:25,243 - event_bot - INFO - Data loaded from event_data.pkl
2025-03-28 12:27:25,246 - event_bot - INFO - Starting bot...
2025-03-28 12:27:25,246 - discord.client - INFO - logging in using static token
2025-03-28 12:27:26,133 - event_bot - INFO - Slash commands synced
2025-03-28 12:27:26,454 - discord.gateway - INFO - Shard ID None has connected to Gateway (Session ID: e6a8e597e2c04ba25f0d29faa648c5af).
2025-03-28 12:27:28,461 - event_bot - INFO - Bot eingeloggt als CoC-RegBot#5619
2025-03-28 12:27:28,461 - event_bot - INFO - Log-Kanal initialisiert: log (ID: 1353319170451968040)
2025-03-28 12:27:28,461 - event_bot - INFO - Event-Bot gestartet!
2025-03-28 12:27:28,497 - event_bot - INFO - Data loaded from event_data.pkl
2025-03-28 12:27:28,500 - event_bot - INFO - Channel gefunden: registration
2025-03-28 12:27:28,877 - event_bot - INFO - Hauptkanal initialisiert: registration (731677145214091316)
--- Log Start: 2025-03-28 12:29:29 ---
2025-03-28 12:29:29,650 - event_bot - INFO - Logger initialisiert
2025-03-28 12:29:29,651 - discord.client - WARNING - PyNaCl is not installed, voice will NOT be supported
2025-03-28 12:29:29,652 - event_bot - INFO - Data loaded from event_data.pkl
2025-03-28 12:29:29,656 - event_bot - INFO - Starting bot...
2025-03-28 12:29:29,656 - discord.client - INFO - logging in using static token
2025-03-28 12:29:30,371 - event_bot - INFO - Slash commands synced
2025-03-28 12:29:30,626 - discord.gateway - INFO - Shard ID None has connected to Gateway (Session ID: 8aa75b52c7bf10deea250e46e8f90d0d).
2025-03-28 12:29:32,635 - event_bot - INFO - Bot eingeloggt als CoC-RegBot#5619
2025-03-28 12:29:32,635 - event_bot - INFO - Log-Kanal initialisiert: log (ID: 1353319170451968040)
2025-03-28 12:29:32,635 - event_bot - INFO - Event-Bot gestartet!
2025-03-28 12:29:32,676 - event_bot - INFO - Data loaded from event_data.pkl
2025-03-28 12:29:32,679 - event_bot - INFO - Channel gefunden: registration
2025-03-28 12:29:32,936 - event_bot - INFO - Hauptkanal initialisiert: registration (731677145214091316)
2025-03-28 12:30:02,514 - event_bot - WARNING - üóëÔ∏è 2 Nachrichten wurden in Kanal #registration gel√∂scht durch saberrider (552617940168736770)
2025-03-28 12:30:02,514 - event_bot - WARNING - üóëÔ∏è 2 Nachrichten wurden in Kanal #registration gel√∂scht durch saberrider (552617940168736770)
2025-03-28 12:30:45,234 - event_bot - WARNING - üóëÔ∏è 2 Nachrichten wurden in Kanal #chatlobby gel√∂scht durch saberrider (552617940168736770)
2025-03-28 12:30:45,234 - event_bot - WARNING - üóëÔ∏è 2 Nachrichten wurden in Kanal #chatlobby gel√∂scht durch saberrider (552617940168736770)
2025-03-28 12:32:05,844 - event_bot - WARNING - üóëÔ∏è 3 Nachrichten wurden in Kanal #log gel√∂scht durch saberrider (552617940168736770)
2025-03-28 12:32:05,844 - event_bot - WARNING - üóëÔ∏è 3 Nachrichten wurden in Kanal #log gel√∂scht durch saberrider (552617940168736770)
2025-03-28 12:33:05,740 - event_bot - WARNING - üóëÔ∏è 25 Nachrichten wurden in Kanal #registration gel√∂scht durch saberrider (552617940168736770) - Grund: test
2025-03-28 12:33:05,740 - event_bot - WARNING - üóëÔ∏è 25 Nachrichten wurden in Kanal #registration gel√∂scht durch saberrider (552617940168736770) - Grund: test
--- Log Start: 2025-03-28 12:58:54 ---
2025-03-28 12:58:54,614 - event_bot - INFO - Logger initialisiert
2025-03-28 12:58:54,617 - discord.client - WARNING - PyNaCl is not installed, voice will NOT be supported
2025-03-28 12:58:54,617 - event_bot - INFO - Data loaded from event_data.pkl
2025-03-28 12:58:54,620 - event_bot - INFO - Starting bot...
2025-03-28 12:58:54,621 - discord.client - INFO - logging in using static token
2025-03-28 12:58:57,045 - event_bot - INFO - Slash commands synced
2025-03-28 12:58:57,448 - discord.gateway - INFO - Shard ID None has connected to Gateway (Session ID: df4b9b3ae361c8f3af755d2efd42b22c).
2025-03-28 12:58:59,454 - event_bot - INFO - Bot eingeloggt als CoC-RegBot#5619
2025-03-28 12:58:59,457 - event_bot - INFO - Log-Kanal initialisiert: log (ID: 1353319170451968040)
2025-03-28 12:58:59,457 - event_bot - INFO - Event-Bot gestartet!
2025-03-28 12:58:59,500 - event_bot - INFO - Data loaded from event_data.pkl
2025-03-28 12:58:59,503 - event_bot - INFO - Channel gefunden: registration
2025-03-28 12:59:00,074 - event_bot - INFO - Hauptkanal initialisiert: registration (731677145214091316)
2025-03-28 13:01:10,473 - event_bot_test - INFO - Starte Testprogramm f√ºr Event-Bot
2025-03-28 13:01:10,473 - event_bot_test - INFO - Zeitstempel: 2025-03-28 13:01:10
2025-03-28 13:01:10,474 - event_bot_test - INFO - Test-Daten zur√ºckgesetzt
2025-03-28 13:01:10,474 - event_bot_test - INFO - 
==================================================
2025-03-28 13:01:10,474 - event_bot_test - INFO - EVENT-ZUSAMMENFASSUNG: Test Event
2025-03-28 13:01:10,474 - event_bot_test - INFO - Datum: 2025-04-01 20:00
2025-03-28 13:01:10,474 - event_bot_test - INFO - Status: Offen
2025-03-28 13:01:10,474 - event_bot_test - INFO - Kapazit√§t: 0/60 Slots verwendet
2025-03-28 13:01:10,474 - event_bot_test - INFO - Max. Teamgr√∂√üe: 12
2025-03-28 13:01:10,475 - event_bot_test - INFO - 
ANGEMELDETE TEAMS (0): 
2025-03-28 13:01:10,475 - event_bot_test - INFO - 
WARTELISTE (0): 
2025-03-28 13:01:10,475 - event_bot_test - INFO - 
BENUTZER-TEAM-ZUWEISUNGEN (0): 
2025-03-28 13:01:10,475 - event_bot_test - INFO - ==================================================

2025-03-28 13:01:10,475 - event_bot_test - INFO - 
=== Test 1: Teams anmelden bis Event voll ist ===
2025-03-28 13:01:10,475 - event_bot_test - INFO - Eventkapazit√§t: 60 Slots
2025-03-28 13:01:10,475 - event_bot_test - INFO - Team 1: Team 'Alpha Team' wurde erfolgreich mit 10 Teilnehmern registriert.
2025-03-28 13:01:10,476 - event_bot_test - INFO - Team 2: Team 'Beta Squad' wurde erfolgreich mit 15 Teilnehmern registriert.
2025-03-28 13:01:10,476 - event_bot_test - INFO - Team 3: Team 'Gamma Force' wurde erfolgreich mit 12 Teilnehmern registriert.
2025-03-28 13:01:10,476 - event_bot_test - INFO - Team 4: Team 'Delta Crew' wurde erfolgreich mit 8 Teilnehmern registriert.
2025-03-28 13:01:10,476 - event_bot_test - INFO - Team 5: Team 'Epsilon Group' wurde erfolgreich mit 11 Teilnehmern registriert.
2025-03-28 13:01:10,477 - event_bot_test - INFO - 
==================================================
2025-03-28 13:01:10,477 - event_bot_test - INFO - EVENT-ZUSAMMENFASSUNG: Test Event
2025-03-28 13:01:10,477 - event_bot_test - INFO - Datum: 2025-04-01 20:00
2025-03-28 13:01:10,477 - event_bot_test - INFO - Status: Offen
2025-03-28 13:01:10,477 - event_bot_test - INFO - Kapazit√§t: 56/60 Slots verwendet
2025-03-28 13:01:10,477 - event_bot_test - INFO - Max. Teamgr√∂√üe: 12
2025-03-28 13:01:10,477 - event_bot_test - INFO - 
ANGEMELDETE TEAMS (5): 
2025-03-28 13:01:10,477 - event_bot_test - INFO - 1. Alpha Team (Gr√∂√üe: 10, ID: cd8d5f52e4)
2025-03-28 13:01:10,477 - event_bot_test - INFO - 2. Beta Squad (Gr√∂√üe: 15, ID: 9d8eb293c5)
2025-03-28 13:01:10,478 - event_bot_test - INFO - 3. Gamma Force (Gr√∂√üe: 12, ID: fdbd1698c9)
2025-03-28 13:01:10,478 - event_bot_test - INFO - 4. Delta Crew (Gr√∂√üe: 8, ID: 26603ad869)
2025-03-28 13:01:10,478 - event_bot_test - INFO - 5. Epsilon Group (Gr√∂√üe: 11, ID: 5a608dcb0d)
2025-03-28 13:01:10,478 - event_bot_test - INFO - 
WARTELISTE (0): 
2025-03-28 13:01:10,478 - event_bot_test - INFO - 
BENUTZER-TEAM-ZUWEISUNGEN (5): 
2025-03-28 13:01:10,478 - event_bot_test - INFO - Benutzer 592665358908568205 -> Team 'Alpha Team'
2025-03-28 13:01:10,478 - event_bot_test - INFO - Benutzer 794487023222771371 -> Team 'Beta Squad'
2025-03-28 13:01:10,478 - event_bot_test - INFO - Benutzer 292823499816292353 -> Team 'Gamma Force'
2025-03-28 13:01:10,478 - event_bot_test - INFO - Benutzer 879572710153762349 -> Team 'Delta Crew'
2025-03-28 13:01:10,479 - event_bot_test - INFO - Benutzer 008304773862402569 -> Team 'Epsilon Group'
2025-03-28 13:01:10,479 - event_bot_test - INFO - ==================================================

2025-03-28 13:01:10,479 - event_bot_test - INFO - 
=== Test 2: Teams auf Warteliste setzen ===
2025-03-28 13:01:10,479 - event_bot_test - INFO - Team 6 (sollte auf Warteliste): Team 'Zeta Squad' wurde auf die Warteliste gesetzt (Position: 1).
2025-03-28 13:01:10,479 - event_bot_test - INFO - Team 7 (sollte auf Warteliste): Team 'Theta Team' wurde auf die Warteliste gesetzt (Position: 2).
2025-03-28 13:01:10,479 - event_bot_test - INFO - 
==================================================
2025-03-28 13:01:10,479 - event_bot_test - INFO - EVENT-ZUSAMMENFASSUNG: Test Event
2025-03-28 13:01:10,479 - event_bot_test - INFO - Datum: 2025-04-01 20:00
2025-03-28 13:01:10,480 - event_bot_test - INFO - Status: Offen
2025-03-28 13:01:10,480 - event_bot_test - INFO - Kapazit√§t: 56/60 Slots verwendet
2025-03-28 13:01:10,480 - event_bot_test - INFO - Max. Teamgr√∂√üe: 12
2025-03-28 13:01:10,480 - event_bot_test - INFO - 
ANGEMELDETE TEAMS (5): 
2025-03-28 13:01:10,480 - event_bot_test - INFO - 1. Alpha Team (Gr√∂√üe: 10, ID: cd8d5f52e4)
2025-03-28 13:01:10,480 - event_bot_test - INFO - 2. Beta Squad (Gr√∂√üe: 15, ID: 9d8eb293c5)
2025-03-28 13:01:10,480 - event_bot_test - INFO - 3. Gamma Force (Gr√∂√üe: 12, ID: fdbd1698c9)
2025-03-28 13:01:10,480 - event_bot_test - INFO - 4. Delta Crew (Gr√∂√üe: 8, ID: 26603ad869)
2025-03-28 13:01:10,480 - event_bot_test - INFO - 5. Epsilon Group (Gr√∂√üe: 11, ID: 5a608dcb0d)
2025-03-28 13:01:10,480 - event_bot_test - INFO - 
WARTELISTE (2): 
2025-03-28 13:01:10,480 - event_bot_test - INFO - 1. Zeta Squad (Gr√∂√üe: 9, ID: d9a169ee5c)
2025-03-28 13:01:10,481 - event_bot_test - INFO - 2. Theta Team (Gr√∂√üe: 7, ID: 7d3fc5906c)
2025-03-28 13:01:10,481 - event_bot_test - INFO - 
BENUTZER-TEAM-ZUWEISUNGEN (7): 
2025-03-28 13:01:10,481 - event_bot_test - INFO - Benutzer 592665358908568205 -> Team 'Alpha Team'
2025-03-28 13:01:10,481 - event_bot_test - INFO - Benutzer 794487023222771371 -> Team 'Beta Squad'
2025-03-28 13:01:10,481 - event_bot_test - INFO - Benutzer 292823499816292353 -> Team 'Gamma Force'
2025-03-28 13:01:10,481 - event_bot_test - INFO - Benutzer 879572710153762349 -> Team 'Delta Crew'
2025-03-28 13:01:10,481 - event_bot_test - INFO - Benutzer 008304773862402569 -> Team 'Epsilon Group'
2025-03-28 13:01:10,481 - event_bot_test - INFO - Benutzer 651674343021312280 -> Team 'Zeta Squad'
2025-03-28 13:01:10,481 - event_bot_test - INFO - Benutzer 506693531977168106 -> Team 'Theta Team'
2025-03-28 13:01:10,482 - event_bot_test - INFO - ==================================================

2025-03-28 13:01:10,482 - event_bot_test - INFO - 
=== Test 3: Edge Case - Doppelte Registrierung ===
2025-03-28 13:01:10,482 - event_bot_test - INFO - Doppelte Registrierung: Ein Team mit dem Namen 'alpha team' ist bereits registriert.
2025-03-28 13:01:10,482 - event_bot_test - INFO - 
=== Test 4: Edge Case - Teamgr√∂√üe √§ndern ===
2025-03-28 13:01:10,482 - event_bot_test - INFO - Team 'Alpha Team' von 10 auf 8 verkleinert
2025-03-28 13:01:10,482 - event_bot_test - INFO - Team verkleinern: Team 'Alpha Team' wurde von 10 auf 8 verkleinert.
2025-03-28 13:01:10,482 - event_bot_test - INFO - Team 'Alpha Team' von 8 auf 9 vergr√∂√üert
2025-03-28 13:01:10,482 - event_bot_test - INFO - Team leicht vergr√∂√üern: Team 'Alpha Team' wurde von 8 auf 9 vergr√∂√üert.
2025-03-28 13:01:10,483 - event_bot_test - INFO - Team stark vergr√∂√üern: Die maximale Teamgr√∂√üe ist 12.
2025-03-28 13:01:10,483 - event_bot_test - INFO - Team 'Zeta Squad' auf Warteliste von 9 auf 5 verkleinert
2025-03-28 13:01:10,483 - event_bot_test - INFO - Wartelisten-Team verkleinern: Team 'Zeta Squad' wurde auf der Warteliste von 9 auf 5 verkleinert.
2025-03-28 13:01:10,483 - event_bot_test - INFO - Team 'Theta Team' auf Warteliste von 7 auf 10 vergr√∂√üert
2025-03-28 13:01:10,483 - event_bot_test - INFO - Wartelisten-Team vergr√∂√üern: Team 'Theta Team' wurde auf der Warteliste von 7 auf 10 vergr√∂√üert.
2025-03-28 13:01:10,483 - event_bot_test - INFO - 
==================================================
2025-03-28 13:01:10,483 - event_bot_test - INFO - EVENT-ZUSAMMENFASSUNG: Test Event
2025-03-28 13:01:10,483 - event_bot_test - INFO - Datum: 2025-04-01 20:00
2025-03-28 13:01:10,484 - event_bot_test - INFO - Status: Offen
2025-03-28 13:01:10,484 - event_bot_test - INFO - Kapazit√§t: 55/60 Slots verwendet
2025-03-28 13:01:10,484 - event_bot_test - INFO - Max. Teamgr√∂√üe: 12
2025-03-28 13:01:10,484 - event_bot_test - INFO - 
ANGEMELDETE TEAMS (5): 
2025-03-28 13:01:10,484 - event_bot_test - INFO - 1. Alpha Team (Gr√∂√üe: 9, ID: cd8d5f52e4)
2025-03-28 13:01:10,484 - event_bot_test - INFO - 2. Beta Squad (Gr√∂√üe: 15, ID: 9d8eb293c5)
2025-03-28 13:01:10,484 - event_bot_test - INFO - 3. Gamma Force (Gr√∂√üe: 12, ID: fdbd1698c9)
2025-03-28 13:01:10,484 - event_bot_test - INFO - 4. Delta Crew (Gr√∂√üe: 8, ID: 26603ad869)
2025-03-28 13:01:10,484 - event_bot_test - INFO - 5. Epsilon Group (Gr√∂√üe: 11, ID: 5a608dcb0d)
2025-03-28 13:01:10,485 - event_bot_test - INFO - 
WARTELISTE (2): 
2025-03-28 13:01:10,485 - event_bot_test - INFO - 1. Zeta Squad (Gr√∂√üe: 5, ID: d9a169ee5c)
2025-03-28 13:01:10,485 - event_bot_test - INFO - 2. Theta Team (Gr√∂√üe: 10, ID: 7d3fc5906c)
2025-03-28 13:01:10,485 - event_bot_test - INFO - 
BENUTZER-TEAM-ZUWEISUNGEN (7): 
2025-03-28 13:01:10,485 - event_bot_test - INFO - Benutzer 592665358908568205 -> Team 'Alpha Team'
2025-03-28 13:01:10,485 - event_bot_test - INFO - Benutzer 794487023222771371 -> Team 'Beta Squad'
2025-03-28 13:01:10,485 - event_bot_test - INFO - Benutzer 292823499816292353 -> Team 'Gamma Force'
2025-03-28 13:01:10,486 - event_bot_test - INFO - Benutzer 879572710153762349 -> Team 'Delta Crew'
2025-03-28 13:01:10,486 - event_bot_test - INFO - Benutzer 008304773862402569 -> Team 'Epsilon Group'
2025-03-28 13:01:10,486 - event_bot_test - INFO - Benutzer 651674343021312280 -> Team 'Zeta Squad'
2025-03-28 13:01:10,486 - event_bot_test - INFO - Benutzer 506693531977168106 -> Team 'Theta Team'
2025-03-28 13:01:10,486 - event_bot_test - INFO - ==================================================

2025-03-28 13:01:10,486 - event_bot_test - INFO - 
=== Test 5: Edge Case - Team abmelden ===
2025-03-28 13:01:10,486 - event_bot_test - INFO - Team 'Gamma Force' (12 Pl√§tze) vom Event entfernt
2025-03-28 13:01:10,486 - event_bot_test - INFO - Team-Zuweisung f√ºr Benutzer 292823499816292353 entfernt
2025-03-28 13:01:10,486 - event_bot_test - INFO - Team aus Event abmelden: Team 'Gamma Force' wurde erfolgreich abgemeldet., Freigewordene Slots: 12
2025-03-28 13:01:10,486 - event_bot_test - INFO - Nach Abmeldung (Warteliste sollte verarbeitet werden):
2025-03-28 13:01:10,486 - event_bot_test - INFO - 
==================================================
2025-03-28 13:01:10,487 - event_bot_test - INFO - EVENT-ZUSAMMENFASSUNG: Test Event
2025-03-28 13:01:10,487 - event_bot_test - INFO - Datum: 2025-04-01 20:00
2025-03-28 13:01:10,487 - event_bot_test - INFO - Status: Offen
2025-03-28 13:01:10,487 - event_bot_test - INFO - Kapazit√§t: 43/60 Slots verwendet
2025-03-28 13:01:10,487 - event_bot_test - INFO - Max. Teamgr√∂√üe: 12
2025-03-28 13:01:10,488 - event_bot_test - INFO - 
ANGEMELDETE TEAMS (4): 
2025-03-28 13:01:10,488 - event_bot_test - INFO - 1. Alpha Team (Gr√∂√üe: 9, ID: cd8d5f52e4)
2025-03-28 13:01:10,488 - event_bot_test - INFO - 2. Beta Squad (Gr√∂√üe: 15, ID: 9d8eb293c5)
2025-03-28 13:01:10,488 - event_bot_test - INFO - 3. Delta Crew (Gr√∂√üe: 8, ID: 26603ad869)
2025-03-28 13:01:10,488 - event_bot_test - INFO - 4. Epsilon Group (Gr√∂√üe: 11, ID: 5a608dcb0d)
2025-03-28 13:01:10,488 - event_bot_test - INFO - 
WARTELISTE (2): 
2025-03-28 13:01:10,488 - event_bot_test - INFO - 1. Zeta Squad (Gr√∂√üe: 5, ID: d9a169ee5c)
2025-03-28 13:01:10,489 - event_bot_test - INFO - 2. Theta Team (Gr√∂√üe: 10, ID: 7d3fc5906c)
2025-03-28 13:01:10,489 - event_bot_test - INFO - 
BENUTZER-TEAM-ZUWEISUNGEN (6): 
2025-03-28 13:01:10,489 - event_bot_test - INFO - Benutzer 592665358908568205 -> Team 'Alpha Team'
2025-03-28 13:01:10,489 - event_bot_test - INFO - Benutzer 794487023222771371 -> Team 'Beta Squad'
2025-03-28 13:01:10,489 - event_bot_test - INFO - Benutzer 879572710153762349 -> Team 'Delta Crew'
2025-03-28 13:01:10,489 - event_bot_test - INFO - Benutzer 008304773862402569 -> Team 'Epsilon Group'
2025-03-28 13:01:10,489 - event_bot_test - INFO - Benutzer 651674343021312280 -> Team 'Zeta Squad'
2025-03-28 13:01:10,489 - event_bot_test - INFO - Benutzer 506693531977168106 -> Team 'Theta Team'
2025-03-28 13:01:10,489 - event_bot_test - INFO - ==================================================

2025-03-28 13:01:10,490 - event_bot_test - INFO - Team 'Theta Team' (10 Pl√§tze) von der Warteliste entfernt
2025-03-28 13:01:10,490 - event_bot_test - INFO - Team-Zuweisung f√ºr Benutzer 506693531977168106 entfernt
2025-03-28 13:01:10,490 - event_bot_test - INFO - Team von Warteliste abmelden: Team 'Theta Team' wurde erfolgreich abgemeldet.
2025-03-28 13:01:10,490 - event_bot_test - INFO - Nicht-existierendes Team abmelden: Team 'Nichtexistierendes Team' ist weder angemeldet noch auf der Warteliste.
2025-03-28 13:01:10,490 - event_bot_test - INFO - 
==================================================
2025-03-28 13:01:10,490 - event_bot_test - INFO - EVENT-ZUSAMMENFASSUNG: Test Event
2025-03-28 13:01:10,490 - event_bot_test - INFO - Datum: 2025-04-01 20:00
2025-03-28 13:01:10,490 - event_bot_test - INFO - Status: Offen
2025-03-28 13:01:10,490 - event_bot_test - INFO - Kapazit√§t: 43/60 Slots verwendet
2025-03-28 13:01:10,490 - event_bot_test - INFO - Max. Teamgr√∂√üe: 12
2025-03-28 13:01:10,490 - event_bot_test - INFO - 
ANGEMELDETE TEAMS (4): 
2025-03-28 13:01:10,491 - event_bot_test - INFO - 1. Alpha Team (Gr√∂√üe: 9, ID: cd8d5f52e4)
2025-03-28 13:01:10,491 - event_bot_test - INFO - 2. Beta Squad (Gr√∂√üe: 15, ID: 9d8eb293c5)
2025-03-28 13:01:10,491 - event_bot_test - INFO - 3. Delta Crew (Gr√∂√üe: 8, ID: 26603ad869)
2025-03-28 13:01:10,491 - event_bot_test - INFO - 4. Epsilon Group (Gr√∂√üe: 11, ID: 5a608dcb0d)
2025-03-28 13:01:10,491 - event_bot_test - INFO - 
WARTELISTE (1): 
2025-03-28 13:01:10,491 - event_bot_test - INFO - 1. Zeta Squad (Gr√∂√üe: 5, ID: d9a169ee5c)
2025-03-28 13:01:10,491 - event_bot_test - INFO - 
BENUTZER-TEAM-ZUWEISUNGEN (5): 
2025-03-28 13:01:10,491 - event_bot_test - INFO - Benutzer 592665358908568205 -> Team 'Alpha Team'
2025-03-28 13:01:10,491 - event_bot_test - INFO - Benutzer 794487023222771371 -> Team 'Beta Squad'
2025-03-28 13:01:10,491 - event_bot_test - INFO - Benutzer 879572710153762349 -> Team 'Delta Crew'
2025-03-28 13:01:10,491 - event_bot_test - INFO - Benutzer 008304773862402569 -> Team 'Epsilon Group'
2025-03-28 13:01:10,492 - event_bot_test - INFO - Benutzer 651674343021312280 -> Team 'Zeta Squad'
2025-03-28 13:01:10,492 - event_bot_test - INFO - ==================================================

2025-03-28 13:01:10,492 - event_bot_test - INFO - 
=== Test 6: Edge Case - Event schlie√üen/√∂ffnen ===
2025-03-28 13:01:10,492 - event_bot_test - INFO - Event schlie√üen: Die Anmeldungen f√ºr das Event 'Test Event' wurden geschlossen.
2025-03-28 13:01:10,492 - event_bot_test - INFO - Team bei geschlossenem Event anmelden: Die Anmeldungen f√ºr dieses Event sind derzeit geschlossen.
2025-03-28 13:01:10,492 - event_bot_test - INFO - Team 'Zeta Squad': 5 Mitglieder von der Warteliste aufger√ºckt
2025-03-28 13:01:10,493 - event_bot_test - INFO - Event √∂ffnen: Die Anmeldungen f√ºr das Event 'Test Event' wurden wieder ge√∂ffnet. Folgende Teams sind aufger√ºckt: Zeta Squad (+5)
2025-03-28 13:01:10,493 - event_bot_test - INFO - Verarbeitete Teams beim √ñffnen: [('Zeta Squad', 5)]
2025-03-28 13:01:10,493 - event_bot_test - INFO - Team nach Wiederer√∂ffnung anmelden: Team 'Neuer√∂ffnetes Team' wurde erfolgreich mit 7 Teilnehmern registriert.
2025-03-28 13:01:10,493 - event_bot_test - INFO - 
==================================================
2025-03-28 13:01:10,493 - event_bot_test - INFO - EVENT-ZUSAMMENFASSUNG: Test Event
2025-03-28 13:01:10,493 - event_bot_test - INFO - Datum: 2025-04-01 20:00
2025-03-28 13:01:10,494 - event_bot_test - INFO - Status: Offen
2025-03-28 13:01:10,494 - event_bot_test - INFO - Kapazit√§t: 55/60 Slots verwendet
2025-03-28 13:01:10,494 - event_bot_test - INFO - Max. Teamgr√∂√üe: 12
2025-03-28 13:01:10,494 - event_bot_test - INFO - 
ANGEMELDETE TEAMS (6): 
2025-03-28 13:01:10,494 - event_bot_test - INFO - 1. Alpha Team (Gr√∂√üe: 9, ID: cd8d5f52e4)
2025-03-28 13:01:10,494 - event_bot_test - INFO - 2. Beta Squad (Gr√∂√üe: 15, ID: 9d8eb293c5)
2025-03-28 13:01:10,494 - event_bot_test - INFO - 3. Delta Crew (Gr√∂√üe: 8, ID: 26603ad869)
2025-03-28 13:01:10,494 - event_bot_test - INFO - 4. Epsilon Group (Gr√∂√üe: 11, ID: 5a608dcb0d)
2025-03-28 13:01:10,495 - event_bot_test - INFO - 5. Zeta Squad (Gr√∂√üe: 5, ID: d9a169ee5c)
2025-03-28 13:01:10,495 - event_bot_test - INFO - 6. Neuer√∂ffnetes Team (Gr√∂√üe: 7, ID: 7f65f19cfa)
2025-03-28 13:01:10,495 - event_bot_test - INFO - 
WARTELISTE (0): 
2025-03-28 13:01:10,495 - event_bot_test - INFO - 
BENUTZER-TEAM-ZUWEISUNGEN (6): 
2025-03-28 13:01:10,495 - event_bot_test - INFO - Benutzer 592665358908568205 -> Team 'Alpha Team'
2025-03-28 13:01:10,495 - event_bot_test - INFO - Benutzer 794487023222771371 -> Team 'Beta Squad'
2025-03-28 13:01:10,495 - event_bot_test - INFO - Benutzer 879572710153762349 -> Team 'Delta Crew'
2025-03-28 13:01:10,495 - event_bot_test - INFO - Benutzer 008304773862402569 -> Team 'Epsilon Group'
2025-03-28 13:01:10,496 - event_bot_test - INFO - Benutzer 651674343021312280 -> Team 'Zeta Squad'
2025-03-28 13:01:10,496 - event_bot_test - INFO - Benutzer 175255313543858597 -> Team 'Neuer√∂ffnetes Team'
2025-03-28 13:01:10,496 - event_bot_test - INFO - ==================================================

2025-03-28 13:01:10,496 - event_bot_test - INFO - 
=== Test 7: Edge Case - Event-Kapazit√§t erweitern ===
2025-03-28 13:01:10,496 - event_bot_test - INFO - Kapazit√§t erweitern: Event-Kapazit√§t von 60 auf 75 erh√∂ht. Keine Teams auf der Warteliste.
2025-03-28 13:01:10,496 - event_bot_test - INFO - 
==================================================
2025-03-28 13:01:10,496 - event_bot_test - INFO - EVENT-ZUSAMMENFASSUNG: Test Event
2025-03-28 13:01:10,496 - event_bot_test - INFO - Datum: 2025-04-01 20:00
2025-03-28 13:01:10,496 - event_bot_test - INFO - Status: Offen
2025-03-28 13:01:10,497 - event_bot_test - INFO - Kapazit√§t: 55/75 Slots verwendet
2025-03-28 13:01:10,497 - event_bot_test - INFO - Max. Teamgr√∂√üe: 12
2025-03-28 13:01:10,497 - event_bot_test - INFO - 
ANGEMELDETE TEAMS (6): 
2025-03-28 13:01:10,497 - event_bot_test - INFO - 1. Alpha Team (Gr√∂√üe: 9, ID: cd8d5f52e4)
2025-03-28 13:01:10,497 - event_bot_test - INFO - 2. Beta Squad (Gr√∂√üe: 15, ID: 9d8eb293c5)
2025-03-28 13:01:10,497 - event_bot_test - INFO - 3. Delta Crew (Gr√∂√üe: 8, ID: 26603ad869)
2025-03-28 13:01:10,497 - event_bot_test - INFO - 4. Epsilon Group (Gr√∂√üe: 11, ID: 5a608dcb0d)
2025-03-28 13:01:10,498 - event_bot_test - INFO - 5. Zeta Squad (Gr√∂√üe: 5, ID: d9a169ee5c)
2025-03-28 13:01:10,498 - event_bot_test - INFO - 6. Neuer√∂ffnetes Team (Gr√∂√üe: 7, ID: 7f65f19cfa)
2025-03-28 13:01:10,498 - event_bot_test - INFO - 
WARTELISTE (0): 
2025-03-28 13:01:10,498 - event_bot_test - INFO - 
BENUTZER-TEAM-ZUWEISUNGEN (6): 
2025-03-28 13:01:10,498 - event_bot_test - INFO - Benutzer 592665358908568205 -> Team 'Alpha Team'
2025-03-28 13:01:10,498 - event_bot_test - INFO - Benutzer 794487023222771371 -> Team 'Beta Squad'
2025-03-28 13:01:10,498 - event_bot_test - INFO - Benutzer 879572710153762349 -> Team 'Delta Crew'
2025-03-28 13:01:10,498 - event_bot_test - INFO - Benutzer 008304773862402569 -> Team 'Epsilon Group'
2025-03-28 13:01:10,498 - event_bot_test - INFO - Benutzer 651674343021312280 -> Team 'Zeta Squad'
2025-03-28 13:01:10,498 - event_bot_test - INFO - Benutzer 175255313543858597 -> Team 'Neuer√∂ffnetes Team'
2025-03-28 13:01:10,498 - event_bot_test - INFO - ==================================================

2025-03-28 13:01:10,499 - event_bot_test - INFO - 
=== Test 8: Edge Case - Team auf Gr√∂√üe 0 setzen ===
2025-03-28 13:01:10,499 - event_bot_test - INFO - Team 'Delta Crew' (8 Pl√§tze) vom Event entfernt
2025-03-28 13:01:10,499 - event_bot_test - INFO - Team-Zuweisung f√ºr Benutzer 879572710153762349 entfernt
2025-03-28 13:01:10,499 - event_bot_test - INFO - Team auf Gr√∂√üe 0 setzen: Team 'Delta Crew' wurde erfolgreich abgemeldet.
2025-03-28 13:01:10,499 - event_bot_test - INFO - 
==================================================
2025-03-28 13:01:10,499 - event_bot_test - INFO - EVENT-ZUSAMMENFASSUNG: Test Event
2025-03-28 13:01:10,499 - event_bot_test - INFO - Datum: 2025-04-01 20:00
2025-03-28 13:01:10,499 - event_bot_test - INFO - Status: Offen
2025-03-28 13:01:10,499 - event_bot_test - INFO - Kapazit√§t: 47/75 Slots verwendet
2025-03-28 13:01:10,500 - event_bot_test - INFO - Max. Teamgr√∂√üe: 12
2025-03-28 13:01:10,500 - event_bot_test - INFO - 
ANGEMELDETE TEAMS (5): 
2025-03-28 13:01:10,500 - event_bot_test - INFO - 1. Alpha Team (Gr√∂√üe: 9, ID: cd8d5f52e4)
2025-03-28 13:01:10,500 - event_bot_test - INFO - 2. Beta Squad (Gr√∂√üe: 15, ID: 9d8eb293c5)
2025-03-28 13:01:10,500 - event_bot_test - INFO - 3. Epsilon Group (Gr√∂√üe: 11, ID: 5a608dcb0d)
2025-03-28 13:01:10,500 - event_bot_test - INFO - 4. Zeta Squad (Gr√∂√üe: 5, ID: d9a169ee5c)
2025-03-28 13:01:10,500 - event_bot_test - INFO - 5. Neuer√∂ffnetes Team (Gr√∂√üe: 7, ID: 7f65f19cfa)
2025-03-28 13:01:10,500 - event_bot_test - INFO - 
WARTELISTE (0): 
2025-03-28 13:01:10,500 - event_bot_test - INFO - 
BENUTZER-TEAM-ZUWEISUNGEN (5): 
2025-03-28 13:01:10,500 - event_bot_test - INFO - Benutzer 592665358908568205 -> Team 'Alpha Team'
2025-03-28 13:01:10,501 - event_bot_test - INFO - Benutzer 794487023222771371 -> Team 'Beta Squad'
2025-03-28 13:01:10,501 - event_bot_test - INFO - Benutzer 008304773862402569 -> Team 'Epsilon Group'
2025-03-28 13:01:10,501 - event_bot_test - INFO - Benutzer 651674343021312280 -> Team 'Zeta Squad'
2025-03-28 13:01:10,501 - event_bot_test - INFO - Benutzer 175255313543858597 -> Team 'Neuer√∂ffnetes Team'
2025-03-28 13:01:10,501 - event_bot_test - INFO - ==================================================

2025-03-28 13:01:10,501 - event_bot_test - INFO - 
=== Test 9: Vollst√§ndige Wartelisten-Verarbeitung ===
2025-03-28 13:01:10,501 - event_bot_test - INFO - Team 'Alpha Team' (9 Pl√§tze) vom Event entfernt
2025-03-28 13:01:10,501 - event_bot_test - INFO - Team-Zuweisung f√ºr Benutzer 592665358908568205 entfernt
2025-03-28 13:01:10,502 - event_bot_test - INFO - Team 'Beta Squad' (15 Pl√§tze) vom Event entfernt
2025-03-28 13:01:10,502 - event_bot_test - INFO - Team-Zuweisung f√ºr Benutzer 794487023222771371 entfernt
2025-03-28 13:01:10,502 - event_bot_test - INFO - Team 'Epsilon Group' (11 Pl√§tze) vom Event entfernt
2025-03-28 13:01:10,502 - event_bot_test - INFO - Team-Zuweisung f√ºr Benutzer 008304773862402569 entfernt
2025-03-28 13:01:10,502 - event_bot_test - INFO - Team 'Zeta Squad' (5 Pl√§tze) vom Event entfernt
2025-03-28 13:01:10,502 - event_bot_test - INFO - Team-Zuweisung f√ºr Benutzer 651674343021312280 entfernt
2025-03-28 13:01:10,503 - event_bot_test - INFO - Team 'Neuer√∂ffnetes Team' (7 Pl√§tze) vom Event entfernt
2025-03-28 13:01:10,503 - event_bot_test - INFO - Team-Zuweisung f√ºr Benutzer 175255313543858597 entfernt
2025-03-28 13:01:10,503 - event_bot_test - INFO - Neu aufgesetzte Event-Situation:
2025-03-28 13:01:10,503 - event_bot_test - INFO - 
==================================================
2025-03-28 13:01:10,504 - event_bot_test - INFO - EVENT-ZUSAMMENFASSUNG: Test Event
2025-03-28 13:01:10,504 - event_bot_test - INFO - Datum: 2025-04-01 20:00
2025-03-28 13:01:10,504 - event_bot_test - INFO - Status: Offen
2025-03-28 13:01:10,504 - event_bot_test - INFO - Kapazit√§t: 55/60 Slots verwendet
2025-03-28 13:01:10,504 - event_bot_test - INFO - Max. Teamgr√∂√üe: 12
2025-03-28 13:01:10,504 - event_bot_test - INFO - 
ANGEMELDETE TEAMS (2): 
2025-03-28 13:01:10,504 - event_bot_test - INFO - 1. Team A (Gr√∂√üe: 25, ID: 2fc2858955)
2025-03-28 13:01:10,504 - event_bot_test - INFO - 2. Team B (Gr√∂√üe: 30, ID: a4c99df5f7)
2025-03-28 13:01:10,504 - event_bot_test - INFO - 
WARTELISTE (3): 
2025-03-28 13:01:10,504 - event_bot_test - INFO - 1. Team C (Gr√∂√üe: 10, ID: 92bef51790)
2025-03-28 13:01:10,504 - event_bot_test - INFO - 2. Team D (Gr√∂√üe: 15, ID: baeccd87de)
2025-03-28 13:01:10,505 - event_bot_test - INFO - 3. Team E (Gr√∂√üe: 20, ID: 00204c7176)
2025-03-28 13:01:10,505 - event_bot_test - INFO - 
BENUTZER-TEAM-ZUWEISUNGEN (0): 
2025-03-28 13:01:10,505 - event_bot_test - INFO - ==================================================

2025-03-28 13:01:10,505 - event_bot_test - INFO - Team 'Team C': 10 Mitglieder von der Warteliste aufger√ºckt
2025-03-28 13:01:10,505 - event_bot_test - INFO - Team 'Team D': 15 Mitglieder von der Warteliste aufger√ºckt
2025-03-28 13:01:10,505 - event_bot_test - INFO - Team 'Team E': 20 Mitglieder von der Warteliste aufger√ºckt
2025-03-28 13:01:10,505 - event_bot_test - INFO - Kapazit√§t stark erweitern: Event-Kapazit√§t von 60 auf 100 erh√∂ht. Folgende Teams sind aufger√ºckt: Team C (+10), Team D (+15), Team E (+20)
2025-03-28 13:01:10,506 - event_bot_test - INFO - Verarbeitete Teams bei gro√üer Erweiterung: [('Team C', 10), ('Team D', 15), ('Team E', 20)]
2025-03-28 13:01:10,506 - event_bot_test - INFO - 
==================================================
2025-03-28 13:01:10,506 - event_bot_test - INFO - EVENT-ZUSAMMENFASSUNG: Test Event
2025-03-28 13:01:10,506 - event_bot_test - INFO - Datum: 2025-04-01 20:00
2025-03-28 13:01:10,506 - event_bot_test - INFO - Status: Offen
2025-03-28 13:01:10,506 - event_bot_test - INFO - Kapazit√§t: 100/100 Slots verwendet
2025-03-28 13:01:10,506 - event_bot_test - INFO - Max. Teamgr√∂√üe: 12
2025-03-28 13:01:10,506 - event_bot_test - INFO - 
ANGEMELDETE TEAMS (5): 
2025-03-28 13:01:10,506 - event_bot_test - INFO - 1. Team A (Gr√∂√üe: 25, ID: 2fc2858955)
2025-03-28 13:01:10,507 - event_bot_test - INFO - 2. Team B (Gr√∂√üe: 30, ID: a4c99df5f7)
2025-03-28 13:01:10,507 - event_bot_test - INFO - 3. Team C (Gr√∂√üe: 10, ID: 92bef51790)
2025-03-28 13:01:10,507 - event_bot_test - INFO - 4. Team D (Gr√∂√üe: 15, ID: baeccd87de)
2025-03-28 13:01:10,507 - event_bot_test - INFO - 5. Team E (Gr√∂√üe: 20, ID: 00204c7176)
2025-03-28 13:01:10,507 - event_bot_test - INFO - 
WARTELISTE (0): 
2025-03-28 13:01:10,507 - event_bot_test - INFO - 
BENUTZER-TEAM-ZUWEISUNGEN (0): 
2025-03-28 13:01:10,507 - event_bot_test - INFO - ==================================================

2025-03-28 13:01:10,507 - event_bot_test - INFO - 
=== TESTSUITE ABGESCHLOSSEN ===
2025-03-28 13:01:10,507 - event_bot_test - INFO - Der Testlauf des Event-Bots wurde erfolgreich abgeschlossen.
2025-03-28 13:01:10,508 - event_bot_test - INFO - Zeitstempel: 2025-03-28 13:01:10
2025-03-28 13:01:10,508 - event_bot - INFO - Test-Suite ausgef√ºhrt von saberrider (552617940168736770)
2025-03-28 13:01:10,508 - event_bot - INFO - üß™ Test-Suite ausgef√ºhrt von saberrider (552617940168736770)
2025-03-28 13:01:11,028 - event_bot - INFO - Data saved to event_data.pkl
2025-03-28 13:01:37,954 - event_bot_test - INFO - Starte Testprogramm f√ºr Event-Bot
2025-03-28 13:01:37,954 - event_bot_test - INFO - Zeitstempel: 2025-03-28 13:01:37
2025-03-28 13:01:37,955 - event_bot_test - INFO - Test-Daten zur√ºckgesetzt
2025-03-28 13:01:37,955 - event_bot_test - INFO - 
==================================================
2025-03-28 13:01:37,955 - event_bot_test - INFO - EVENT-ZUSAMMENFASSUNG: Test Event
2025-03-28 13:01:37,955 - event_bot_test - INFO - Datum: 2025-04-01 20:00
2025-03-28 13:01:37,955 - event_bot_test - INFO - Status: Offen
2025-03-28 13:01:37,955 - event_bot_test - INFO - Kapazit√§t: 0/60 Slots verwendet
2025-03-28 13:01:37,955 - event_bot_test - INFO - Max. Teamgr√∂√üe: 12
2025-03-28 13:01:37,955 - event_bot_test - INFO - 
ANGEMELDETE TEAMS (0): 
2025-03-28 13:01:37,955 - event_bot_test - INFO - 
WARTELISTE (0): 
2025-03-28 13:01:37,956 - event_bot_test - INFO - 
BENUTZER-TEAM-ZUWEISUNGEN (0): 
2025-03-28 13:01:37,956 - event_bot_test - INFO - ==================================================

2025-03-28 13:01:37,956 - event_bot_test - INFO - 
=== Test 1: Teams anmelden bis Event voll ist ===
2025-03-28 13:01:37,956 - event_bot_test - INFO - Eventkapazit√§t: 60 Slots
2025-03-28 13:01:37,956 - event_bot_test - INFO - Team 1: Team 'Alpha Team' wurde erfolgreich mit 10 Teilnehmern registriert.
2025-03-28 13:01:37,956 - event_bot_test - INFO - Team 2: Team 'Beta Squad' wurde erfolgreich mit 15 Teilnehmern registriert.
2025-03-28 13:01:37,957 - event_bot_test - INFO - Team 3: Team 'Gamma Force' wurde erfolgreich mit 12 Teilnehmern registriert.
2025-03-28 13:01:37,957 - event_bot_test - INFO - Team 4: Team 'Delta Crew' wurde erfolgreich mit 8 Teilnehmern registriert.
2025-03-28 13:01:37,957 - event_bot_test - INFO - Team 5: Team 'Epsilon Group' wurde erfolgreich mit 11 Teilnehmern registriert.
2025-03-28 13:01:37,957 - event_bot_test - INFO - 
==================================================
2025-03-28 13:01:37,957 - event_bot_test - INFO - EVENT-ZUSAMMENFASSUNG: Test Event
2025-03-28 13:01:37,958 - event_bot_test - INFO - Datum: 2025-04-01 20:00
2025-03-28 13:01:37,958 - event_bot_test - INFO - Status: Offen
2025-03-28 13:01:37,958 - event_bot_test - INFO - Kapazit√§t: 56/60 Slots verwendet
2025-03-28 13:01:37,958 - event_bot_test - INFO - Max. Teamgr√∂√üe: 12
2025-03-28 13:01:37,958 - event_bot_test - INFO - 
ANGEMELDETE TEAMS (5): 
2025-03-28 13:01:37,958 - event_bot_test - INFO - 1. Alpha Team (Gr√∂√üe: 10, ID: cd8d5f52e4)
2025-03-28 13:01:37,958 - event_bot_test - INFO - 2. Beta Squad (Gr√∂√üe: 15, ID: 9d8eb293c5)
2025-03-28 13:01:37,958 - event_bot_test - INFO - 3. Gamma Force (Gr√∂√üe: 12, ID: fdbd1698c9)
2025-03-28 13:01:37,958 - event_bot_test - INFO - 4. Delta Crew (Gr√∂√üe: 8, ID: 26603ad869)
2025-03-28 13:01:37,959 - event_bot_test - INFO - 5. Epsilon Group (Gr√∂√üe: 11, ID: 5a608dcb0d)
2025-03-28 13:01:37,959 - event_bot_test - INFO - 
WARTELISTE (0): 
2025-03-28 13:01:37,959 - event_bot_test - INFO - 
BENUTZER-TEAM-ZUWEISUNGEN (5): 
2025-03-28 13:01:37,959 - event_bot_test - INFO - Benutzer 362191303890600761 -> Team 'Alpha Team'
2025-03-28 13:01:37,959 - event_bot_test - INFO - Benutzer 678422309460342579 -> Team 'Beta Squad'
2025-03-28 13:01:37,959 - event_bot_test - INFO - Benutzer 286877627283681030 -> Team 'Gamma Force'
2025-03-28 13:01:37,959 - event_bot_test - INFO - Benutzer 216183579808986850 -> Team 'Delta Crew'
2025-03-28 13:01:37,959 - event_bot_test - INFO - Benutzer 515960487122801910 -> Team 'Epsilon Group'
2025-03-28 13:01:37,959 - event_bot_test - INFO - ==================================================

2025-03-28 13:01:37,959 - event_bot_test - INFO - 
=== Test 2: Teams auf Warteliste setzen ===
2025-03-28 13:01:37,960 - event_bot_test - INFO - Team 6 (sollte auf Warteliste): Team 'Zeta Squad' wurde auf die Warteliste gesetzt (Position: 1).
2025-03-28 13:01:37,960 - event_bot_test - INFO - Team 7 (sollte auf Warteliste): Team 'Theta Team' wurde auf die Warteliste gesetzt (Position: 2).
2025-03-28 13:01:37,960 - event_bot_test - INFO - 
==================================================
2025-03-28 13:01:37,960 - event_bot_test - INFO - EVENT-ZUSAMMENFASSUNG: Test Event
2025-03-28 13:01:37,960 - event_bot_test - INFO - Datum: 2025-04-01 20:00
2025-03-28 13:01:37,961 - event_bot_test - INFO - Status: Offen
2025-03-28 13:01:37,961 - event_bot_test - INFO - Kapazit√§t: 56/60 Slots verwendet
2025-03-28 13:01:37,961 - event_bot_test - INFO - Max. Teamgr√∂√üe: 12
2025-03-28 13:01:37,961 - event_bot_test - INFO - 
ANGEMELDETE TEAMS (5): 
2025-03-28 13:01:37,961 - event_bot_test - INFO - 1. Alpha Team (Gr√∂√üe: 10, ID: cd8d5f52e4)
2025-03-28 13:01:37,961 - event_bot_test - INFO - 2. Beta Squad (Gr√∂√üe: 15, ID: 9d8eb293c5)
2025-03-28 13:01:37,961 - event_bot_test - INFO - 3. Gamma Force (Gr√∂√üe: 12, ID: fdbd1698c9)
2025-03-28 13:01:37,961 - event_bot_test - INFO - 4. Delta Crew (Gr√∂√üe: 8, ID: 26603ad869)
2025-03-28 13:01:37,961 - event_bot_test - INFO - 5. Epsilon Group (Gr√∂√üe: 11, ID: 5a608dcb0d)
2025-03-28 13:01:37,961 - event_bot_test - INFO - 
WARTELISTE (2): 
2025-03-28 13:01:37,961 - event_bot_test - INFO - 1. Zeta Squad (Gr√∂√üe: 9, ID: d9a169ee5c)
2025-03-28 13:01:37,962 - event_bot_test - INFO - 2. Theta Team (Gr√∂√üe: 7, ID: 7d3fc5906c)
2025-03-28 13:01:37,962 - event_bot_test - INFO - 
BENUTZER-TEAM-ZUWEISUNGEN (7): 
2025-03-28 13:01:37,962 - event_bot_test - INFO - Benutzer 362191303890600761 -> Team 'Alpha Team'
2025-03-28 13:01:37,962 - event_bot_test - INFO - Benutzer 678422309460342579 -> Team 'Beta Squad'
2025-03-28 13:01:37,962 - event_bot_test - INFO - Benutzer 286877627283681030 -> Team 'Gamma Force'
2025-03-28 13:01:37,962 - event_bot_test - INFO - Benutzer 216183579808986850 -> Team 'Delta Crew'
2025-03-28 13:01:37,962 - event_bot_test - INFO - Benutzer 515960487122801910 -> Team 'Epsilon Group'
2025-03-28 13:01:37,962 - event_bot_test - INFO - Benutzer 876444358446001169 -> Team 'Zeta Squad'
2025-03-28 13:01:37,962 - event_bot_test - INFO - Benutzer 229692412778494571 -> Team 'Theta Team'
2025-03-28 13:01:37,962 - event_bot_test - INFO - ==================================================

2025-03-28 13:01:37,962 - event_bot_test - INFO - 
=== Test 3: Edge Case - Doppelte Registrierung ===
2025-03-28 13:01:37,962 - event_bot_test - INFO - Doppelte Registrierung: Ein Team mit dem Namen 'alpha team' ist bereits registriert.
2025-03-28 13:01:37,963 - event_bot_test - INFO - 
=== Test 4: Edge Case - Teamgr√∂√üe √§ndern ===
2025-03-28 13:01:37,963 - event_bot_test - INFO - Team 'Alpha Team' von 10 auf 8 verkleinert
2025-03-28 13:01:37,963 - event_bot_test - INFO - Team verkleinern: Team 'Alpha Team' wurde von 10 auf 8 verkleinert.
2025-03-28 13:01:37,963 - event_bot_test - INFO - Team 'Alpha Team' von 8 auf 9 vergr√∂√üert
2025-03-28 13:01:37,963 - event_bot_test - INFO - Team leicht vergr√∂√üern: Team 'Alpha Team' wurde von 8 auf 9 vergr√∂√üert.
2025-03-28 13:01:37,963 - event_bot_test - INFO - Team stark vergr√∂√üern: Die maximale Teamgr√∂√üe ist 12.
2025-03-28 13:01:37,963 - event_bot_test - INFO - Team 'Zeta Squad' auf Warteliste von 9 auf 5 verkleinert
2025-03-28 13:01:37,963 - event_bot_test - INFO - Wartelisten-Team verkleinern: Team 'Zeta Squad' wurde auf der Warteliste von 9 auf 5 verkleinert.
2025-03-28 13:01:37,964 - event_bot_test - INFO - Team 'Theta Team' auf Warteliste von 7 auf 10 vergr√∂√üert
2025-03-28 13:01:37,964 - event_bot_test - INFO - Wartelisten-Team vergr√∂√üern: Team 'Theta Team' wurde auf der Warteliste von 7 auf 10 vergr√∂√üert.
2025-03-28 13:01:37,964 - event_bot_test - INFO - 
==================================================
2025-03-28 13:01:37,964 - event_bot_test - INFO - EVENT-ZUSAMMENFASSUNG: Test Event
2025-03-28 13:01:37,964 - event_bot_test - INFO - Datum: 2025-04-01 20:00
2025-03-28 13:01:37,964 - event_bot_test - INFO - Status: Offen
2025-03-28 13:01:37,964 - event_bot_test - INFO - Kapazit√§t: 55/60 Slots verwendet
2025-03-28 13:01:37,964 - event_bot_test - INFO - Max. Teamgr√∂√üe: 12
2025-03-28 13:01:37,964 - event_bot_test - INFO - 
ANGEMELDETE TEAMS (5): 
2025-03-28 13:01:37,964 - event_bot_test - INFO - 1. Alpha Team (Gr√∂√üe: 9, ID: cd8d5f52e4)
2025-03-28 13:01:37,964 - event_bot_test - INFO - 2. Beta Squad (Gr√∂√üe: 15, ID: 9d8eb293c5)
2025-03-28 13:01:37,964 - event_bot_test - INFO - 3. Gamma Force (Gr√∂√üe: 12, ID: fdbd1698c9)
2025-03-28 13:01:37,965 - event_bot_test - INFO - 4. Delta Crew (Gr√∂√üe: 8, ID: 26603ad869)
2025-03-28 13:01:37,965 - event_bot_test - INFO - 5. Epsilon Group (Gr√∂√üe: 11, ID: 5a608dcb0d)
2025-03-28 13:01:37,965 - event_bot_test - INFO - 
WARTELISTE (2): 
2025-03-28 13:01:37,965 - event_bot_test - INFO - 1. Zeta Squad (Gr√∂√üe: 5, ID: d9a169ee5c)
2025-03-28 13:01:37,965 - event_bot_test - INFO - 2. Theta Team (Gr√∂√üe: 10, ID: 7d3fc5906c)
2025-03-28 13:01:37,965 - event_bot_test - INFO - 
BENUTZER-TEAM-ZUWEISUNGEN (7): 
2025-03-28 13:01:37,965 - event_bot_test - INFO - Benutzer 362191303890600761 -> Team 'Alpha Team'
2025-03-28 13:01:37,965 - event_bot_test - INFO - Benutzer 678422309460342579 -> Team 'Beta Squad'
2025-03-28 13:01:37,965 - event_bot_test - INFO - Benutzer 286877627283681030 -> Team 'Gamma Force'
2025-03-28 13:01:37,965 - event_bot_test - INFO - Benutzer 216183579808986850 -> Team 'Delta Crew'
2025-03-28 13:01:37,965 - event_bot_test - INFO - Benutzer 515960487122801910 -> Team 'Epsilon Group'
2025-03-28 13:01:37,966 - event_bot_test - INFO - Benutzer 876444358446001169 -> Team 'Zeta Squad'
2025-03-28 13:01:37,966 - event_bot_test - INFO - Benutzer 229692412778494571 -> Team 'Theta Team'
2025-03-28 13:01:37,966 - event_bot_test - INFO - ==================================================

2025-03-28 13:01:37,966 - event_bot_test - INFO - 
=== Test 5: Edge Case - Team abmelden ===
2025-03-28 13:01:37,967 - event_bot_test - INFO - Team 'Gamma Force' (12 Pl√§tze) vom Event entfernt
2025-03-28 13:01:37,967 - event_bot_test - INFO - Team-Zuweisung f√ºr Benutzer 286877627283681030 entfernt
2025-03-28 13:01:37,967 - event_bot_test - INFO - Team aus Event abmelden: Team 'Gamma Force' wurde erfolgreich abgemeldet., Freigewordene Slots: 12
2025-03-28 13:01:37,967 - event_bot_test - INFO - Nach Abmeldung (Warteliste sollte verarbeitet werden):
2025-03-28 13:01:37,967 - event_bot_test - INFO - 
==================================================
2025-03-28 13:01:37,967 - event_bot_test - INFO - EVENT-ZUSAMMENFASSUNG: Test Event
2025-03-28 13:01:37,967 - event_bot_test - INFO - Datum: 2025-04-01 20:00
2025-03-28 13:01:37,967 - event_bot_test - INFO - Status: Offen
2025-03-28 13:01:37,968 - event_bot_test - INFO - Kapazit√§t: 43/60 Slots verwendet
2025-03-28 13:01:37,968 - event_bot_test - INFO - Max. Teamgr√∂√üe: 12
2025-03-28 13:01:37,968 - event_bot_test - INFO - 
ANGEMELDETE TEAMS (4): 
2025-03-28 13:01:37,968 - event_bot_test - INFO - 1. Alpha Team (Gr√∂√üe: 9, ID: cd8d5f52e4)
2025-03-28 13:01:37,968 - event_bot_test - INFO - 2. Beta Squad (Gr√∂√üe: 15, ID: 9d8eb293c5)
2025-03-28 13:01:37,968 - event_bot_test - INFO - 3. Delta Crew (Gr√∂√üe: 8, ID: 26603ad869)
2025-03-28 13:01:37,968 - event_bot_test - INFO - 4. Epsilon Group (Gr√∂√üe: 11, ID: 5a608dcb0d)
2025-03-28 13:01:37,968 - event_bot_test - INFO - 
WARTELISTE (2): 
2025-03-28 13:01:37,968 - event_bot_test - INFO - 1. Zeta Squad (Gr√∂√üe: 5, ID: d9a169ee5c)
2025-03-28 13:01:37,973 - event_bot_test - INFO - 2. Theta Team (Gr√∂√üe: 10, ID: 7d3fc5906c)
2025-03-28 13:01:37,974 - event_bot_test - INFO - 
BENUTZER-TEAM-ZUWEISUNGEN (6): 
2025-03-28 13:01:37,974 - event_bot_test - INFO - Benutzer 362191303890600761 -> Team 'Alpha Team'
2025-03-28 13:01:37,974 - event_bot_test - INFO - Benutzer 678422309460342579 -> Team 'Beta Squad'
2025-03-28 13:01:37,974 - event_bot_test - INFO - Benutzer 216183579808986850 -> Team 'Delta Crew'
2025-03-28 13:01:37,974 - event_bot_test - INFO - Benutzer 515960487122801910 -> Team 'Epsilon Group'
2025-03-28 13:01:37,974 - event_bot_test - INFO - Benutzer 876444358446001169 -> Team 'Zeta Squad'
2025-03-28 13:01:37,974 - event_bot_test - INFO - Benutzer 229692412778494571 -> Team 'Theta Team'
2025-03-28 13:01:37,974 - event_bot_test - INFO - ==================================================

2025-03-28 13:01:37,974 - event_bot_test - INFO - Team 'Theta Team' (10 Pl√§tze) von der Warteliste entfernt
2025-03-28 13:01:37,974 - event_bot_test - INFO - Team-Zuweisung f√ºr Benutzer 229692412778494571 entfernt
2025-03-28 13:01:37,975 - event_bot_test - INFO - Team von Warteliste abmelden: Team 'Theta Team' wurde erfolgreich abgemeldet.
2025-03-28 13:01:37,975 - event_bot_test - INFO - Nicht-existierendes Team abmelden: Team 'Nichtexistierendes Team' ist weder angemeldet noch auf der Warteliste.
2025-03-28 13:01:37,975 - event_bot_test - INFO - 
==================================================
2025-03-28 13:01:37,975 - event_bot_test - INFO - EVENT-ZUSAMMENFASSUNG: Test Event
2025-03-28 13:01:37,975 - event_bot_test - INFO - Datum: 2025-04-01 20:00
2025-03-28 13:01:37,975 - event_bot_test - INFO - Status: Offen
2025-03-28 13:01:37,975 - event_bot_test - INFO - Kapazit√§t: 43/60 Slots verwendet
2025-03-28 13:01:37,975 - event_bot_test - INFO - Max. Teamgr√∂√üe: 12
2025-03-28 13:01:37,975 - event_bot_test - INFO - 
ANGEMELDETE TEAMS (4): 
2025-03-28 13:01:37,975 - event_bot_test - INFO - 1. Alpha Team (Gr√∂√üe: 9, ID: cd8d5f52e4)
2025-03-28 13:01:37,975 - event_bot_test - INFO - 2. Beta Squad (Gr√∂√üe: 15, ID: 9d8eb293c5)
2025-03-28 13:01:37,976 - event_bot_test - INFO - 3. Delta Crew (Gr√∂√üe: 8, ID: 26603ad869)
2025-03-28 13:01:37,976 - event_bot_test - INFO - 4. Epsilon Group (Gr√∂√üe: 11, ID: 5a608dcb0d)
2025-03-28 13:01:37,976 - event_bot_test - INFO - 
WARTELISTE (1): 
2025-03-28 13:01:37,976 - event_bot_test - INFO - 1. Zeta Squad (Gr√∂√üe: 5, ID: d9a169ee5c)
2025-03-28 13:01:37,976 - event_bot_test - INFO - 
BENUTZER-TEAM-ZUWEISUNGEN (5): 
2025-03-28 13:01:37,976 - event_bot_test - INFO - Benutzer 362191303890600761 -> Team 'Alpha Team'
2025-03-28 13:01:37,976 - event_bot_test - INFO - Benutzer 678422309460342579 -> Team 'Beta Squad'
2025-03-28 13:01:37,976 - event_bot_test - INFO - Benutzer 216183579808986850 -> Team 'Delta Crew'
2025-03-28 13:01:37,976 - event_bot_test - INFO - Benutzer 515960487122801910 -> Team 'Epsilon Group'
2025-03-28 13:01:37,976 - event_bot_test - INFO - Benutzer 876444358446001169 -> Team 'Zeta Squad'
2025-03-28 13:01:37,976 - event_bot_test - INFO - ==================================================

2025-03-28 13:01:37,976 - event_bot_test - INFO - 
=== Test 6: Edge Case - Event schlie√üen/√∂ffnen ===
2025-03-28 13:01:37,978 - event_bot_test - INFO - Event schlie√üen: Die Anmeldungen f√ºr das Event 'Test Event' wurden geschlossen.
2025-03-28 13:01:37,978 - event_bot_test - INFO - Team bei geschlossenem Event anmelden: Die Anmeldungen f√ºr dieses Event sind derzeit geschlossen.
2025-03-28 13:01:37,978 - event_bot_test - INFO - Team 'Zeta Squad': 5 Mitglieder von der Warteliste aufger√ºckt
2025-03-28 13:01:37,978 - event_bot_test - INFO - Event √∂ffnen: Die Anmeldungen f√ºr das Event 'Test Event' wurden wieder ge√∂ffnet. Folgende Teams sind aufger√ºckt: Zeta Squad (+5)
2025-03-28 13:01:37,978 - event_bot_test - INFO - Verarbeitete Teams beim √ñffnen: [('Zeta Squad', 5)]
2025-03-28 13:01:37,979 - event_bot_test - INFO - Team nach Wiederer√∂ffnung anmelden: Team 'Neuer√∂ffnetes Team' wurde erfolgreich mit 7 Teilnehmern registriert.
2025-03-28 13:01:37,979 - event_bot_test - INFO - 
==================================================
2025-03-28 13:01:37,979 - event_bot_test - INFO - EVENT-ZUSAMMENFASSUNG: Test Event
2025-03-28 13:01:37,979 - event_bot_test - INFO - Datum: 2025-04-01 20:00
2025-03-28 13:01:37,979 - event_bot_test - INFO - Status: Offen
2025-03-28 13:01:37,979 - event_bot_test - INFO - Kapazit√§t: 55/60 Slots verwendet
2025-03-28 13:01:37,979 - event_bot_test - INFO - Max. Teamgr√∂√üe: 12
2025-03-28 13:01:37,979 - event_bot_test - INFO - 
ANGEMELDETE TEAMS (6): 
2025-03-28 13:01:37,979 - event_bot_test - INFO - 1. Alpha Team (Gr√∂√üe: 9, ID: cd8d5f52e4)
2025-03-28 13:01:37,979 - event_bot_test - INFO - 2. Beta Squad (Gr√∂√üe: 15, ID: 9d8eb293c5)
2025-03-28 13:01:37,980 - event_bot_test - INFO - 3. Delta Crew (Gr√∂√üe: 8, ID: 26603ad869)
2025-03-28 13:01:37,980 - event_bot_test - INFO - 4. Epsilon Group (Gr√∂√üe: 11, ID: 5a608dcb0d)
2025-03-28 13:01:37,980 - event_bot_test - INFO - 5. Zeta Squad (Gr√∂√üe: 5, ID: d9a169ee5c)
2025-03-28 13:01:37,980 - event_bot_test - INFO - 6. Neuer√∂ffnetes Team (Gr√∂√üe: 7, ID: 7f65f19cfa)
2025-03-28 13:01:37,980 - event_bot_test - INFO - 
WARTELISTE (0): 
2025-03-28 13:01:37,980 - event_bot_test - INFO - 
BENUTZER-TEAM-ZUWEISUNGEN (6): 
2025-03-28 13:01:37,980 - event_bot_test - INFO - Benutzer 362191303890600761 -> Team 'Alpha Team'
2025-03-28 13:01:37,980 - event_bot_test - INFO - Benutzer 678422309460342579 -> Team 'Beta Squad'
2025-03-28 13:01:37,980 - event_bot_test - INFO - Benutzer 216183579808986850 -> Team 'Delta Crew'
2025-03-28 13:01:37,980 - event_bot_test - INFO - Benutzer 515960487122801910 -> Team 'Epsilon Group'
2025-03-28 13:01:37,981 - event_bot_test - INFO - Benutzer 876444358446001169 -> Team 'Zeta Squad'
2025-03-28 13:01:37,981 - event_bot_test - INFO - Benutzer 330244882413926211 -> Team 'Neuer√∂ffnetes Team'
2025-03-28 13:01:37,981 - event_bot_test - INFO - ==================================================

2025-03-28 13:01:37,981 - event_bot_test - INFO - 
=== Test 7: Edge Case - Event-Kapazit√§t erweitern ===
2025-03-28 13:01:37,981 - event_bot_test - INFO - Kapazit√§t erweitern: Event-Kapazit√§t von 60 auf 75 erh√∂ht. Keine Teams auf der Warteliste.
2025-03-28 13:01:37,981 - event_bot_test - INFO - 
==================================================
2025-03-28 13:01:37,981 - event_bot_test - INFO - EVENT-ZUSAMMENFASSUNG: Test Event
2025-03-28 13:01:37,981 - event_bot_test - INFO - Datum: 2025-04-01 20:00
2025-03-28 13:01:37,981 - event_bot_test - INFO - Status: Offen
2025-03-28 13:01:37,981 - event_bot_test - INFO - Kapazit√§t: 55/75 Slots verwendet
2025-03-28 13:01:37,982 - event_bot_test - INFO - Max. Teamgr√∂√üe: 12
2025-03-28 13:01:37,982 - event_bot_test - INFO - 
ANGEMELDETE TEAMS (6): 
2025-03-28 13:01:37,982 - event_bot_test - INFO - 1. Alpha Team (Gr√∂√üe: 9, ID: cd8d5f52e4)
2025-03-28 13:01:37,982 - event_bot_test - INFO - 2. Beta Squad (Gr√∂√üe: 15, ID: 9d8eb293c5)
2025-03-28 13:01:37,982 - event_bot_test - INFO - 3. Delta Crew (Gr√∂√üe: 8, ID: 26603ad869)
2025-03-28 13:01:37,982 - event_bot_test - INFO - 4. Epsilon Group (Gr√∂√üe: 11, ID: 5a608dcb0d)
2025-03-28 13:01:37,982 - event_bot_test - INFO - 5. Zeta Squad (Gr√∂√üe: 5, ID: d9a169ee5c)
2025-03-28 13:01:37,982 - event_bot_test - INFO - 6. Neuer√∂ffnetes Team (Gr√∂√üe: 7, ID: 7f65f19cfa)
2025-03-28 13:01:37,982 - event_bot_test - INFO - 
WARTELISTE (0): 
2025-03-28 13:01:37,982 - event_bot_test - INFO - 
BENUTZER-TEAM-ZUWEISUNGEN (6): 
2025-03-28 13:01:37,982 - event_bot_test - INFO - Benutzer 362191303890600761 -> Team 'Alpha Team'
2025-03-28 13:01:37,982 - event_bot_test - INFO - Benutzer 678422309460342579 -> Team 'Beta Squad'
2025-03-28 13:01:37,983 - event_bot_test - INFO - Benutzer 216183579808986850 -> Team 'Delta Crew'
2025-03-28 13:01:37,983 - event_bot_test - INFO - Benutzer 515960487122801910 -> Team 'Epsilon Group'
2025-03-28 13:01:37,983 - event_bot_test - INFO - Benutzer 876444358446001169 -> Team 'Zeta Squad'
2025-03-28 13:01:37,983 - event_bot_test - INFO - Benutzer 330244882413926211 -> Team 'Neuer√∂ffnetes Team'
2025-03-28 13:01:37,983 - event_bot_test - INFO - ==================================================

2025-03-28 13:01:37,983 - event_bot_test - INFO - 
=== Test 8: Edge Case - Team auf Gr√∂√üe 0 setzen ===
2025-03-28 13:01:37,983 - event_bot_test - INFO - Team 'Delta Crew' (8 Pl√§tze) vom Event entfernt
2025-03-28 13:01:37,983 - event_bot_test - INFO - Team-Zuweisung f√ºr Benutzer 216183579808986850 entfernt
2025-03-28 13:01:37,983 - event_bot_test - INFO - Team auf Gr√∂√üe 0 setzen: Team 'Delta Crew' wurde erfolgreich abgemeldet.
2025-03-28 13:01:37,983 - event_bot_test - INFO - 
==================================================
2025-03-28 13:01:37,983 - event_bot_test - INFO - EVENT-ZUSAMMENFASSUNG: Test Event
2025-03-28 13:01:37,984 - event_bot_test - INFO - Datum: 2025-04-01 20:00
2025-03-28 13:01:37,984 - event_bot_test - INFO - Status: Offen
2025-03-28 13:01:37,984 - event_bot_test - INFO - Kapazit√§t: 47/75 Slots verwendet
2025-03-28 13:01:37,984 - event_bot_test - INFO - Max. Teamgr√∂√üe: 12
2025-03-28 13:01:37,984 - event_bot_test - INFO - 
ANGEMELDETE TEAMS (5): 
2025-03-28 13:01:37,984 - event_bot_test - INFO - 1. Alpha Team (Gr√∂√üe: 9, ID: cd8d5f52e4)
2025-03-28 13:01:37,984 - event_bot_test - INFO - 2. Beta Squad (Gr√∂√üe: 15, ID: 9d8eb293c5)
2025-03-28 13:01:37,984 - event_bot_test - INFO - 3. Epsilon Group (Gr√∂√üe: 11, ID: 5a608dcb0d)
2025-03-28 13:01:37,984 - event_bot_test - INFO - 4. Zeta Squad (Gr√∂√üe: 5, ID: d9a169ee5c)
2025-03-28 13:01:37,984 - event_bot_test - INFO - 5. Neuer√∂ffnetes Team (Gr√∂√üe: 7, ID: 7f65f19cfa)
2025-03-28 13:01:37,984 - event_bot_test - INFO - 
WARTELISTE (0): 
2025-03-28 13:01:37,984 - event_bot_test - INFO - 
BENUTZER-TEAM-ZUWEISUNGEN (5): 
2025-03-28 13:01:37,984 - event_bot_test - INFO - Benutzer 362191303890600761 -> Team 'Alpha Team'
2025-03-28 13:01:37,984 - event_bot_test - INFO - Benutzer 678422309460342579 -> Team 'Beta Squad'
2025-03-28 13:01:37,985 - event_bot_test - INFO - Benutzer 515960487122801910 -> Team 'Epsilon Group'
2025-03-28 13:01:37,985 - event_bot_test - INFO - Benutzer 876444358446001169 -> Team 'Zeta Squad'
2025-03-28 13:01:37,985 - event_bot_test - INFO - Benutzer 330244882413926211 -> Team 'Neuer√∂ffnetes Team'
2025-03-28 13:01:37,985 - event_bot_test - INFO - ==================================================

2025-03-28 13:01:37,985 - event_bot_test - INFO - 
=== Test 9: Vollst√§ndige Wartelisten-Verarbeitung ===
2025-03-28 13:01:37,985 - event_bot_test - INFO - Team 'Alpha Team' (9 Pl√§tze) vom Event entfernt
2025-03-28 13:01:37,985 - event_bot_test - INFO - Team-Zuweisung f√ºr Benutzer 362191303890600761 entfernt
2025-03-28 13:01:37,985 - event_bot_test - INFO - Team 'Beta Squad' (15 Pl√§tze) vom Event entfernt
2025-03-28 13:01:37,985 - event_bot_test - INFO - Team-Zuweisung f√ºr Benutzer 678422309460342579 entfernt
2025-03-28 13:01:37,986 - event_bot_test - INFO - Team 'Epsilon Group' (11 Pl√§tze) vom Event entfernt
2025-03-28 13:01:37,986 - event_bot_test - INFO - Team-Zuweisung f√ºr Benutzer 515960487122801910 entfernt
2025-03-28 13:01:37,986 - event_bot_test - INFO - Team 'Zeta Squad' (5 Pl√§tze) vom Event entfernt
2025-03-28 13:01:37,986 - event_bot_test - INFO - Team-Zuweisung f√ºr Benutzer 876444358446001169 entfernt
2025-03-28 13:01:37,986 - event_bot_test - INFO - Team 'Neuer√∂ffnetes Team' (7 Pl√§tze) vom Event entfernt
2025-03-28 13:01:37,986 - event_bot_test - INFO - Team-Zuweisung f√ºr Benutzer 330244882413926211 entfernt
2025-03-28 13:01:37,987 - event_bot_test - INFO - Neu aufgesetzte Event-Situation:
2025-03-28 13:01:37,987 - event_bot_test - INFO - 
==================================================
2025-03-28 13:01:37,987 - event_bot_test - INFO - EVENT-ZUSAMMENFASSUNG: Test Event
2025-03-28 13:01:37,987 - event_bot_test - INFO - Datum: 2025-04-01 20:00
2025-03-28 13:01:37,987 - event_bot_test - INFO - Status: Offen
2025-03-28 13:01:37,987 - event_bot_test - INFO - Kapazit√§t: 55/60 Slots verwendet
2025-03-28 13:01:37,987 - event_bot_test - INFO - Max. Teamgr√∂√üe: 12
2025-03-28 13:01:37,988 - event_bot_test - INFO - 
ANGEMELDETE TEAMS (2): 
2025-03-28 13:01:37,988 - event_bot_test - INFO - 1. Team A (Gr√∂√üe: 25, ID: 2fc2858955)
2025-03-28 13:01:37,988 - event_bot_test - INFO - 2. Team B (Gr√∂√üe: 30, ID: a4c99df5f7)
2025-03-28 13:01:37,988 - event_bot_test - INFO - 
WARTELISTE (3): 
2025-03-28 13:01:37,988 - event_bot_test - INFO - 1. Team C (Gr√∂√üe: 10, ID: 92bef51790)
2025-03-28 13:01:37,988 - event_bot_test - INFO - 2. Team D (Gr√∂√üe: 15, ID: baeccd87de)
2025-03-28 13:01:37,988 - event_bot_test - INFO - 3. Team E (Gr√∂√üe: 20, ID: 00204c7176)
2025-03-28 13:01:37,988 - event_bot_test - INFO - 
BENUTZER-TEAM-ZUWEISUNGEN (0): 
2025-03-28 13:01:37,988 - event_bot_test - INFO - ==================================================

2025-03-28 13:01:37,988 - event_bot_test - INFO - Team 'Team C': 10 Mitglieder von der Warteliste aufger√ºckt
2025-03-28 13:01:37,988 - event_bot_test - INFO - Team 'Team D': 15 Mitglieder von der Warteliste aufger√ºckt
2025-03-28 13:01:37,988 - event_bot_test - INFO - Team 'Team E': 20 Mitglieder von der Warteliste aufger√ºckt
2025-03-28 13:01:37,989 - event_bot_test - INFO - Kapazit√§t stark erweitern: Event-Kapazit√§t von 60 auf 100 erh√∂ht. Folgende Teams sind aufger√ºckt: Team C (+10), Team D (+15), Team E (+20)
2025-03-28 13:01:37,989 - event_bot_test - INFO - Verarbeitete Teams bei gro√üer Erweiterung: [('Team C', 10), ('Team D', 15), ('Team E', 20)]
2025-03-28 13:01:37,989 - event_bot_test - INFO - 
==================================================
2025-03-28 13:01:37,989 - event_bot_test - INFO - EVENT-ZUSAMMENFASSUNG: Test Event
2025-03-28 13:01:37,989 - event_bot_test - INFO - Datum: 2025-04-01 20:00
2025-03-28 13:01:37,989 - event_bot_test - INFO - Status: Offen
2025-03-28 13:01:37,989 - event_bot_test - INFO - Kapazit√§t: 100/100 Slots verwendet
2025-03-28 13:01:37,989 - event_bot_test - INFO - Max. Teamgr√∂√üe: 12
2025-03-28 13:01:37,989 - event_bot_test - INFO - 
ANGEMELDETE TEAMS (5): 
2025-03-28 13:01:37,990 - event_bot_test - INFO - 1. Team A (Gr√∂√üe: 25, ID: 2fc2858955)
2025-03-28 13:01:37,990 - event_bot_test - INFO - 2. Team B (Gr√∂√üe: 30, ID: a4c99df5f7)
2025-03-28 13:01:37,990 - event_bot_test - INFO - 3. Team C (Gr√∂√üe: 10, ID: 92bef51790)
2025-03-28 13:01:37,990 - event_bot_test - INFO - 4. Team D (Gr√∂√üe: 15, ID: baeccd87de)
2025-03-28 13:01:37,990 - event_bot_test - INFO - 5. Team E (Gr√∂√üe: 20, ID: 00204c7176)
2025-03-28 13:01:37,990 - event_bot_test - INFO - 
WARTELISTE (0): 
2025-03-28 13:01:37,990 - event_bot_test - INFO - 
BENUTZER-TEAM-ZUWEISUNGEN (0): 
2025-03-28 13:01:37,990 - event_bot_test - INFO - ==================================================

2025-03-28 13:01:37,990 - event_bot_test - INFO - 
=== TESTSUITE ABGESCHLOSSEN ===
2025-03-28 13:01:37,990 - event_bot_test - INFO - Der Testlauf des Event-Bots wurde erfolgreich abgeschlossen.
2025-03-28 13:01:37,991 - event_bot_test - INFO - Zeitstempel: 2025-03-28 13:01:37
2025-03-28 13:01:37,991 - event_bot - INFO - Test-Suite ausgef√ºhrt von saberrider (552617940168736770)
2025-03-28 13:01:37,991 - event_bot - INFO - üß™ Test-Suite ausgef√ºhrt von saberrider (552617940168736770)
2025-03-28 13:01:38,704 - event_bot - INFO - Data saved to event_data.pkl
2025-03-28 13:04:27,146 - event_bot_test - INFO - Starte Testprogramm f√ºr Event-Bot
2025-03-28 13:04:27,146 - event_bot_test - INFO - Zeitstempel: 2025-03-28 13:04:27
2025-03-28 13:04:27,147 - event_bot_test - INFO - Test-Daten zur√ºckgesetzt
2025-03-28 13:04:27,147 - event_bot_test - INFO - 
==================================================
2025-03-28 13:04:27,147 - event_bot_test - INFO - EVENT-ZUSAMMENFASSUNG: Test Event
2025-03-28 13:04:27,147 - event_bot_test - INFO - Datum: 2025-04-01 20:00
2025-03-28 13:04:27,147 - event_bot_test - INFO - Status: Offen
2025-03-28 13:04:27,147 - event_bot_test - INFO - Kapazit√§t: 0/60 Slots verwendet
2025-03-28 13:04:27,147 - event_bot_test - INFO - Max. Teamgr√∂√üe: 12
2025-03-28 13:04:27,147 - event_bot_test - INFO - 
ANGEMELDETE TEAMS (0): 
2025-03-28 13:04:27,147 - event_bot_test - INFO - 
WARTELISTE (0): 
2025-03-28 13:04:27,148 - event_bot_test - INFO - 
BENUTZER-TEAM-ZUWEISUNGEN (0): 
2025-03-28 13:04:27,148 - event_bot_test - INFO - ==================================================

2025-03-28 13:04:27,148 - event_bot_test - INFO - 
=== Test 1: Teams anmelden bis Event voll ist ===
2025-03-28 13:04:27,148 - event_bot_test - INFO - Eventkapazit√§t: 60 Slots
2025-03-28 13:04:27,148 - event_bot_test - INFO - Team 1: Team 'Alpha Team' wurde erfolgreich mit 10 Teilnehmern registriert.
2025-03-28 13:04:27,149 - event_bot_test - INFO - Team 2: Team 'Beta Squad' wurde erfolgreich mit 15 Teilnehmern registriert.
2025-03-28 13:04:27,150 - event_bot_test - INFO - Team 3: Team 'Gamma Force' wurde erfolgreich mit 12 Teilnehmern registriert.
2025-03-28 13:04:27,150 - event_bot_test - INFO - Team 4: Team 'Delta Crew' wurde erfolgreich mit 8 Teilnehmern registriert.
2025-03-28 13:04:27,150 - event_bot_test - INFO - Team 5: Team 'Epsilon Group' wurde erfolgreich mit 11 Teilnehmern registriert.
2025-03-28 13:04:27,150 - event_bot_test - INFO - 
==================================================
2025-03-28 13:04:27,150 - event_bot_test - INFO - EVENT-ZUSAMMENFASSUNG: Test Event
2025-03-28 13:04:27,150 - event_bot_test - INFO - Datum: 2025-04-01 20:00
2025-03-28 13:04:27,150 - event_bot_test - INFO - Status: Offen
2025-03-28 13:04:27,151 - event_bot_test - INFO - Kapazit√§t: 56/60 Slots verwendet
2025-03-28 13:04:27,151 - event_bot_test - INFO - Max. Teamgr√∂√üe: 12
2025-03-28 13:04:27,151 - event_bot_test - INFO - 
ANGEMELDETE TEAMS (5): 
2025-03-28 13:04:27,151 - event_bot_test - INFO - 1. Alpha Team (Gr√∂√üe: 10, ID: cd8d5f52e4)
2025-03-28 13:04:27,151 - event_bot_test - INFO - 2. Beta Squad (Gr√∂√üe: 15, ID: 9d8eb293c5)
2025-03-28 13:04:27,151 - event_bot_test - INFO - 3. Gamma Force (Gr√∂√üe: 12, ID: fdbd1698c9)
2025-03-28 13:04:27,151 - event_bot_test - INFO - 4. Delta Crew (Gr√∂√üe: 8, ID: 26603ad869)
2025-03-28 13:04:27,151 - event_bot_test - INFO - 5. Epsilon Group (Gr√∂√üe: 11, ID: 5a608dcb0d)
2025-03-28 13:04:27,151 - event_bot_test - INFO - 
WARTELISTE (0): 
2025-03-28 13:04:27,151 - event_bot_test - INFO - 
BENUTZER-TEAM-ZUWEISUNGEN (5): 
2025-03-28 13:04:27,151 - event_bot_test - INFO - Benutzer 882822938115537915 -> Team 'Alpha Team'
2025-03-28 13:04:27,152 - event_bot_test - INFO - Benutzer 030648441336627049 -> Team 'Beta Squad'
2025-03-28 13:04:27,152 - event_bot_test - INFO - Benutzer 768909679169379943 -> Team 'Gamma Force'
2025-03-28 13:04:27,152 - event_bot_test - INFO - Benutzer 463419604491764254 -> Team 'Delta Crew'
2025-03-28 13:04:27,152 - event_bot_test - INFO - Benutzer 990268693029970294 -> Team 'Epsilon Group'
2025-03-28 13:04:27,152 - event_bot_test - INFO - ==================================================

2025-03-28 13:04:27,152 - event_bot_test - INFO - 
=== Test 2: Teams auf Warteliste setzen ===
2025-03-28 13:04:27,152 - event_bot_test - INFO - Team 6 (sollte auf Warteliste): Team 'Zeta Squad' wurde auf die Warteliste gesetzt (Position: 1).
2025-03-28 13:04:27,152 - event_bot_test - INFO - Team 7 (sollte auf Warteliste): Team 'Theta Team' wurde auf die Warteliste gesetzt (Position: 2).
2025-03-28 13:04:27,152 - event_bot_test - INFO - 
==================================================
2025-03-28 13:04:27,152 - event_bot_test - INFO - EVENT-ZUSAMMENFASSUNG: Test Event
2025-03-28 13:04:27,153 - event_bot_test - INFO - Datum: 2025-04-01 20:00
2025-03-28 13:04:27,153 - event_bot_test - INFO - Status: Offen
2025-03-28 13:04:27,153 - event_bot_test - INFO - Kapazit√§t: 56/60 Slots verwendet
2025-03-28 13:04:27,153 - event_bot_test - INFO - Max. Teamgr√∂√üe: 12
2025-03-28 13:04:27,153 - event_bot_test - INFO - 
ANGEMELDETE TEAMS (5): 
2025-03-28 13:04:27,153 - event_bot_test - INFO - 1. Alpha Team (Gr√∂√üe: 10, ID: cd8d5f52e4)
2025-03-28 13:04:27,153 - event_bot_test - INFO - 2. Beta Squad (Gr√∂√üe: 15, ID: 9d8eb293c5)
2025-03-28 13:04:27,153 - event_bot_test - INFO - 3. Gamma Force (Gr√∂√üe: 12, ID: fdbd1698c9)
2025-03-28 13:04:27,153 - event_bot_test - INFO - 4. Delta Crew (Gr√∂√üe: 8, ID: 26603ad869)
2025-03-28 13:04:27,153 - event_bot_test - INFO - 5. Epsilon Group (Gr√∂√üe: 11, ID: 5a608dcb0d)
2025-03-28 13:04:27,154 - event_bot_test - INFO - 
WARTELISTE (2): 
2025-03-28 13:04:27,154 - event_bot_test - INFO - 1. Zeta Squad (Gr√∂√üe: 9, ID: d9a169ee5c)
2025-03-28 13:04:27,154 - event_bot_test - INFO - 2. Theta Team (Gr√∂√üe: 7, ID: 7d3fc5906c)
2025-03-28 13:04:27,154 - event_bot_test - INFO - 
BENUTZER-TEAM-ZUWEISUNGEN (7): 
2025-03-28 13:04:27,154 - event_bot_test - INFO - Benutzer 882822938115537915 -> Team 'Alpha Team'
2025-03-28 13:04:27,154 - event_bot_test - INFO - Benutzer 030648441336627049 -> Team 'Beta Squad'
2025-03-28 13:04:27,154 - event_bot_test - INFO - Benutzer 768909679169379943 -> Team 'Gamma Force'
2025-03-28 13:04:27,154 - event_bot_test - INFO - Benutzer 463419604491764254 -> Team 'Delta Crew'
2025-03-28 13:04:27,154 - event_bot_test - INFO - Benutzer 990268693029970294 -> Team 'Epsilon Group'
2025-03-28 13:04:27,154 - event_bot_test - INFO - Benutzer 732339052043172941 -> Team 'Zeta Squad'
2025-03-28 13:04:27,154 - event_bot_test - INFO - Benutzer 091278798239412212 -> Team 'Theta Team'
2025-03-28 13:04:27,154 - event_bot_test - INFO - ==================================================

2025-03-28 13:04:27,154 - event_bot_test - INFO - 
=== Test 3: Edge Case - Doppelte Registrierung ===
2025-03-28 13:04:27,154 - event_bot_test - INFO - Doppelte Registrierung: Ein Team mit dem Namen 'alpha team' ist bereits registriert.
2025-03-28 13:04:27,155 - event_bot_test - INFO - 
=== Test 4: Edge Case - Teamgr√∂√üe √§ndern ===
2025-03-28 13:04:27,155 - event_bot_test - INFO - Team 'Alpha Team' von 10 auf 8 verkleinert
2025-03-28 13:04:27,155 - event_bot_test - INFO - Team verkleinern: Team 'Alpha Team' wurde von 10 auf 8 verkleinert.
2025-03-28 13:04:27,155 - event_bot_test - INFO - Team 'Alpha Team' von 8 auf 9 vergr√∂√üert
2025-03-28 13:04:27,155 - event_bot_test - INFO - Team leicht vergr√∂√üern: Team 'Alpha Team' wurde von 8 auf 9 vergr√∂√üert.
2025-03-28 13:04:27,155 - event_bot_test - INFO - Team stark vergr√∂√üern: Die maximale Teamgr√∂√üe ist 12.
2025-03-28 13:04:27,155 - event_bot_test - INFO - Team 'Zeta Squad' auf Warteliste von 9 auf 5 verkleinert
2025-03-28 13:04:27,156 - event_bot_test - INFO - Wartelisten-Team verkleinern: Team 'Zeta Squad' wurde auf der Warteliste von 9 auf 5 verkleinert.
2025-03-28 13:04:27,156 - event_bot_test - INFO - Team 'Theta Team' auf Warteliste von 7 auf 10 vergr√∂√üert
2025-03-28 13:04:27,156 - event_bot_test - INFO - Wartelisten-Team vergr√∂√üern: Team 'Theta Team' wurde auf der Warteliste von 7 auf 10 vergr√∂√üert.
2025-03-28 13:04:27,156 - event_bot_test - INFO - 
==================================================
2025-03-28 13:04:27,156 - event_bot_test - INFO - EVENT-ZUSAMMENFASSUNG: Test Event
2025-03-28 13:04:27,156 - event_bot_test - INFO - Datum: 2025-04-01 20:00
2025-03-28 13:04:27,156 - event_bot_test - INFO - Status: Offen
2025-03-28 13:04:27,156 - event_bot_test - INFO - Kapazit√§t: 55/60 Slots verwendet
2025-03-28 13:04:27,156 - event_bot_test - INFO - Max. Teamgr√∂√üe: 12
2025-03-28 13:04:27,157 - event_bot_test - INFO - 
ANGEMELDETE TEAMS (5): 
2025-03-28 13:04:27,157 - event_bot_test - INFO - 1. Alpha Team (Gr√∂√üe: 9, ID: cd8d5f52e4)
2025-03-28 13:04:27,157 - event_bot_test - INFO - 2. Beta Squad (Gr√∂√üe: 15, ID: 9d8eb293c5)
2025-03-28 13:04:27,157 - event_bot_test - INFO - 3. Gamma Force (Gr√∂√üe: 12, ID: fdbd1698c9)
2025-03-28 13:04:27,157 - event_bot_test - INFO - 4. Delta Crew (Gr√∂√üe: 8, ID: 26603ad869)
2025-03-28 13:04:27,157 - event_bot_test - INFO - 5. Epsilon Group (Gr√∂√üe: 11, ID: 5a608dcb0d)
2025-03-28 13:04:27,157 - event_bot_test - INFO - 
WARTELISTE (2): 
2025-03-28 13:04:27,157 - event_bot_test - INFO - 1. Zeta Squad (Gr√∂√üe: 5, ID: d9a169ee5c)
2025-03-28 13:04:27,157 - event_bot_test - INFO - 2. Theta Team (Gr√∂√üe: 10, ID: 7d3fc5906c)
2025-03-28 13:04:27,157 - event_bot_test - INFO - 
BENUTZER-TEAM-ZUWEISUNGEN (7): 
2025-03-28 13:04:27,157 - event_bot_test - INFO - Benutzer 882822938115537915 -> Team 'Alpha Team'
2025-03-28 13:04:27,157 - event_bot_test - INFO - Benutzer 030648441336627049 -> Team 'Beta Squad'
2025-03-28 13:04:27,158 - event_bot_test - INFO - Benutzer 768909679169379943 -> Team 'Gamma Force'
2025-03-28 13:04:27,158 - event_bot_test - INFO - Benutzer 463419604491764254 -> Team 'Delta Crew'
2025-03-28 13:04:27,158 - event_bot_test - INFO - Benutzer 990268693029970294 -> Team 'Epsilon Group'
2025-03-28 13:04:27,158 - event_bot_test - INFO - Benutzer 732339052043172941 -> Team 'Zeta Squad'
2025-03-28 13:04:27,158 - event_bot_test - INFO - Benutzer 091278798239412212 -> Team 'Theta Team'
2025-03-28 13:04:27,158 - event_bot_test - INFO - ==================================================

2025-03-28 13:04:27,158 - event_bot_test - INFO - 
=== Test 5: Edge Case - Team abmelden ===
2025-03-28 13:04:27,158 - event_bot_test - INFO - Team 'Gamma Force' (12 Pl√§tze) vom Event entfernt
2025-03-28 13:04:27,158 - event_bot_test - INFO - Team-Zuweisung f√ºr Benutzer 768909679169379943 entfernt
2025-03-28 13:04:27,158 - event_bot_test - INFO - Team aus Event abmelden: Team 'Gamma Force' wurde erfolgreich abgemeldet., Freigewordene Slots: 12
2025-03-28 13:04:27,159 - event_bot_test - INFO - Nach Abmeldung (Warteliste sollte verarbeitet werden):
2025-03-28 13:04:27,159 - event_bot_test - INFO - 
==================================================
2025-03-28 13:04:27,159 - event_bot_test - INFO - EVENT-ZUSAMMENFASSUNG: Test Event
2025-03-28 13:04:27,159 - event_bot_test - INFO - Datum: 2025-04-01 20:00
2025-03-28 13:04:27,159 - event_bot_test - INFO - Status: Offen
2025-03-28 13:04:27,159 - event_bot_test - INFO - Kapazit√§t: 43/60 Slots verwendet
2025-03-28 13:04:27,160 - event_bot_test - INFO - Max. Teamgr√∂√üe: 12
2025-03-28 13:04:27,160 - event_bot_test - INFO - 
ANGEMELDETE TEAMS (4): 
2025-03-28 13:04:27,160 - event_bot_test - INFO - 1. Alpha Team (Gr√∂√üe: 9, ID: cd8d5f52e4)
2025-03-28 13:04:27,160 - event_bot_test - INFO - 2. Beta Squad (Gr√∂√üe: 15, ID: 9d8eb293c5)
2025-03-28 13:04:27,160 - event_bot_test - INFO - 3. Delta Crew (Gr√∂√üe: 8, ID: 26603ad869)
2025-03-28 13:04:27,160 - event_bot_test - INFO - 4. Epsilon Group (Gr√∂√üe: 11, ID: 5a608dcb0d)
2025-03-28 13:04:27,160 - event_bot_test - INFO - 
WARTELISTE (2): 
2025-03-28 13:04:27,160 - event_bot_test - INFO - 1. Zeta Squad (Gr√∂√üe: 5, ID: d9a169ee5c)
2025-03-28 13:04:27,161 - event_bot_test - INFO - 2. Theta Team (Gr√∂√üe: 10, ID: 7d3fc5906c)
2025-03-28 13:04:27,161 - event_bot_test - INFO - 
BENUTZER-TEAM-ZUWEISUNGEN (6): 
2025-03-28 13:04:27,161 - event_bot_test - INFO - Benutzer 882822938115537915 -> Team 'Alpha Team'
2025-03-28 13:04:27,161 - event_bot_test - INFO - Benutzer 030648441336627049 -> Team 'Beta Squad'
2025-03-28 13:04:27,161 - event_bot_test - INFO - Benutzer 463419604491764254 -> Team 'Delta Crew'
2025-03-28 13:04:27,161 - event_bot_test - INFO - Benutzer 990268693029970294 -> Team 'Epsilon Group'
2025-03-28 13:04:27,161 - event_bot_test - INFO - Benutzer 732339052043172941 -> Team 'Zeta Squad'
2025-03-28 13:04:27,161 - event_bot_test - INFO - Benutzer 091278798239412212 -> Team 'Theta Team'
2025-03-28 13:04:27,161 - event_bot_test - INFO - ==================================================

2025-03-28 13:04:27,161 - event_bot_test - INFO - Team 'Theta Team' (10 Pl√§tze) von der Warteliste entfernt
2025-03-28 13:04:27,161 - event_bot_test - INFO - Team-Zuweisung f√ºr Benutzer 091278798239412212 entfernt
2025-03-28 13:04:27,162 - event_bot_test - INFO - Team von Warteliste abmelden: Team 'Theta Team' wurde erfolgreich abgemeldet.
2025-03-28 13:04:27,162 - event_bot_test - INFO - Nicht-existierendes Team abmelden: Team 'Nichtexistierendes Team' ist weder angemeldet noch auf der Warteliste.
2025-03-28 13:04:27,162 - event_bot_test - INFO - 
==================================================
2025-03-28 13:04:27,162 - event_bot_test - INFO - EVENT-ZUSAMMENFASSUNG: Test Event
2025-03-28 13:04:27,162 - event_bot_test - INFO - Datum: 2025-04-01 20:00
2025-03-28 13:04:27,162 - event_bot_test - INFO - Status: Offen
2025-03-28 13:04:27,162 - event_bot_test - INFO - Kapazit√§t: 43/60 Slots verwendet
2025-03-28 13:04:27,162 - event_bot_test - INFO - Max. Teamgr√∂√üe: 12
2025-03-28 13:04:27,162 - event_bot_test - INFO - 
ANGEMELDETE TEAMS (4): 
2025-03-28 13:04:27,162 - event_bot_test - INFO - 1. Alpha Team (Gr√∂√üe: 9, ID: cd8d5f52e4)
2025-03-28 13:04:27,162 - event_bot_test - INFO - 2. Beta Squad (Gr√∂√üe: 15, ID: 9d8eb293c5)
2025-03-28 13:04:27,162 - event_bot_test - INFO - 3. Delta Crew (Gr√∂√üe: 8, ID: 26603ad869)
2025-03-28 13:04:27,164 - event_bot_test - INFO - 4. Epsilon Group (Gr√∂√üe: 11, ID: 5a608dcb0d)
2025-03-28 13:04:27,164 - event_bot_test - INFO - 
WARTELISTE (1): 
2025-03-28 13:04:27,164 - event_bot_test - INFO - 1. Zeta Squad (Gr√∂√üe: 5, ID: d9a169ee5c)
2025-03-28 13:04:27,164 - event_bot_test - INFO - 
BENUTZER-TEAM-ZUWEISUNGEN (5): 
2025-03-28 13:04:27,164 - event_bot_test - INFO - Benutzer 882822938115537915 -> Team 'Alpha Team'
2025-03-28 13:04:27,165 - event_bot_test - INFO - Benutzer 030648441336627049 -> Team 'Beta Squad'
2025-03-28 13:04:27,165 - event_bot_test - INFO - Benutzer 463419604491764254 -> Team 'Delta Crew'
2025-03-28 13:04:27,165 - event_bot_test - INFO - Benutzer 990268693029970294 -> Team 'Epsilon Group'
2025-03-28 13:04:27,165 - event_bot_test - INFO - Benutzer 732339052043172941 -> Team 'Zeta Squad'
2025-03-28 13:04:27,165 - event_bot_test - INFO - ==================================================

2025-03-28 13:04:27,165 - event_bot_test - INFO - 
=== Test 6: Edge Case - Event schlie√üen/√∂ffnen ===
2025-03-28 13:04:27,165 - event_bot_test - INFO - Event schlie√üen: Die Anmeldungen f√ºr das Event 'Test Event' wurden geschlossen.
2025-03-28 13:04:27,165 - event_bot_test - INFO - Team bei geschlossenem Event anmelden: Die Anmeldungen f√ºr dieses Event sind derzeit geschlossen.
2025-03-28 13:04:27,165 - event_bot_test - INFO - Team 'Zeta Squad': 5 Mitglieder von der Warteliste aufger√ºckt
2025-03-28 13:04:27,166 - event_bot_test - INFO - Event √∂ffnen: Die Anmeldungen f√ºr das Event 'Test Event' wurden wieder ge√∂ffnet. Folgende Teams sind aufger√ºckt: Zeta Squad (+5)
2025-03-28 13:04:27,166 - event_bot_test - INFO - Verarbeitete Teams beim √ñffnen: [('Zeta Squad', 5)]
2025-03-28 13:04:27,166 - event_bot_test - INFO - Team nach Wiederer√∂ffnung anmelden: Team 'Neuer√∂ffnetes Team' wurde erfolgreich mit 7 Teilnehmern registriert.
2025-03-28 13:04:27,166 - event_bot_test - INFO - 
==================================================
2025-03-28 13:04:27,166 - event_bot_test - INFO - EVENT-ZUSAMMENFASSUNG: Test Event
2025-03-28 13:04:27,166 - event_bot_test - INFO - Datum: 2025-04-01 20:00
2025-03-28 13:04:27,167 - event_bot_test - INFO - Status: Offen
2025-03-28 13:04:27,167 - event_bot_test - INFO - Kapazit√§t: 55/60 Slots verwendet
2025-03-28 13:04:27,167 - event_bot_test - INFO - Max. Teamgr√∂√üe: 12
2025-03-28 13:04:27,167 - event_bot_test - INFO - 
ANGEMELDETE TEAMS (6): 
2025-03-28 13:04:27,167 - event_bot_test - INFO - 1. Alpha Team (Gr√∂√üe: 9, ID: cd8d5f52e4)
2025-03-28 13:04:27,167 - event_bot_test - INFO - 2. Beta Squad (Gr√∂√üe: 15, ID: 9d8eb293c5)
2025-03-28 13:04:27,167 - event_bot_test - INFO - 3. Delta Crew (Gr√∂√üe: 8, ID: 26603ad869)
2025-03-28 13:04:27,167 - event_bot_test - INFO - 4. Epsilon Group (Gr√∂√üe: 11, ID: 5a608dcb0d)
2025-03-28 13:04:27,167 - event_bot_test - INFO - 5. Zeta Squad (Gr√∂√üe: 5, ID: d9a169ee5c)
2025-03-28 13:04:27,168 - event_bot_test - INFO - 6. Neuer√∂ffnetes Team (Gr√∂√üe: 7, ID: 7f65f19cfa)
2025-03-28 13:04:27,168 - event_bot_test - INFO - 
WARTELISTE (0): 
2025-03-28 13:04:27,168 - event_bot_test - INFO - 
BENUTZER-TEAM-ZUWEISUNGEN (6): 
2025-03-28 13:04:27,168 - event_bot_test - INFO - Benutzer 882822938115537915 -> Team 'Alpha Team'
2025-03-28 13:04:27,168 - event_bot_test - INFO - Benutzer 030648441336627049 -> Team 'Beta Squad'
2025-03-28 13:04:27,168 - event_bot_test - INFO - Benutzer 463419604491764254 -> Team 'Delta Crew'
2025-03-28 13:04:27,168 - event_bot_test - INFO - Benutzer 990268693029970294 -> Team 'Epsilon Group'
2025-03-28 13:04:27,168 - event_bot_test - INFO - Benutzer 732339052043172941 -> Team 'Zeta Squad'
2025-03-28 13:04:27,168 - event_bot_test - INFO - Benutzer 098374155769235445 -> Team 'Neuer√∂ffnetes Team'
2025-03-28 13:04:27,168 - event_bot_test - INFO - ==================================================

2025-03-28 13:04:27,168 - event_bot_test - INFO - 
=== Test 7: Edge Case - Event-Kapazit√§t erweitern ===
2025-03-28 13:04:27,169 - event_bot_test - INFO - Kapazit√§t erweitern: Event-Kapazit√§t von 60 auf 75 erh√∂ht. Keine Teams auf der Warteliste.
2025-03-28 13:04:27,169 - event_bot_test - INFO - 
==================================================
2025-03-28 13:04:27,169 - event_bot_test - INFO - EVENT-ZUSAMMENFASSUNG: Test Event
2025-03-28 13:04:27,169 - event_bot_test - INFO - Datum: 2025-04-01 20:00
2025-03-28 13:04:27,169 - event_bot_test - INFO - Status: Offen
2025-03-28 13:04:27,169 - event_bot_test - INFO - Kapazit√§t: 55/75 Slots verwendet
2025-03-28 13:04:27,169 - event_bot_test - INFO - Max. Teamgr√∂√üe: 12
2025-03-28 13:04:27,169 - event_bot_test - INFO - 
ANGEMELDETE TEAMS (6): 
2025-03-28 13:04:27,170 - event_bot_test - INFO - 1. Alpha Team (Gr√∂√üe: 9, ID: cd8d5f52e4)
2025-03-28 13:04:27,170 - event_bot_test - INFO - 2. Beta Squad (Gr√∂√üe: 15, ID: 9d8eb293c5)
2025-03-28 13:04:27,170 - event_bot_test - INFO - 3. Delta Crew (Gr√∂√üe: 8, ID: 26603ad869)
2025-03-28 13:04:27,170 - event_bot_test - INFO - 4. Epsilon Group (Gr√∂√üe: 11, ID: 5a608dcb0d)
2025-03-28 13:04:27,170 - event_bot_test - INFO - 5. Zeta Squad (Gr√∂√üe: 5, ID: d9a169ee5c)
2025-03-28 13:04:27,170 - event_bot_test - INFO - 6. Neuer√∂ffnetes Team (Gr√∂√üe: 7, ID: 7f65f19cfa)
2025-03-28 13:04:27,170 - event_bot_test - INFO - 
WARTELISTE (0): 
2025-03-28 13:04:27,170 - event_bot_test - INFO - 
BENUTZER-TEAM-ZUWEISUNGEN (6): 
2025-03-28 13:04:27,170 - event_bot_test - INFO - Benutzer 882822938115537915 -> Team 'Alpha Team'
2025-03-28 13:04:27,170 - event_bot_test - INFO - Benutzer 030648441336627049 -> Team 'Beta Squad'
2025-03-28 13:04:27,170 - event_bot_test - INFO - Benutzer 463419604491764254 -> Team 'Delta Crew'
2025-03-28 13:04:27,170 - event_bot_test - INFO - Benutzer 990268693029970294 -> Team 'Epsilon Group'
2025-03-28 13:04:27,171 - event_bot_test - INFO - Benutzer 732339052043172941 -> Team 'Zeta Squad'
2025-03-28 13:04:27,171 - event_bot_test - INFO - Benutzer 098374155769235445 -> Team 'Neuer√∂ffnetes Team'
2025-03-28 13:04:27,171 - event_bot_test - INFO - ==================================================

2025-03-28 13:04:27,171 - event_bot_test - INFO - 
=== Test 8: Edge Case - Team auf Gr√∂√üe 0 setzen ===
2025-03-28 13:04:27,171 - event_bot_test - INFO - Team 'Delta Crew' (8 Pl√§tze) vom Event entfernt
2025-03-28 13:04:27,171 - event_bot_test - INFO - Team-Zuweisung f√ºr Benutzer 463419604491764254 entfernt
2025-03-28 13:04:27,173 - event_bot_test - INFO - Team auf Gr√∂√üe 0 setzen: Team 'Delta Crew' wurde erfolgreich abgemeldet.
2025-03-28 13:04:27,173 - event_bot_test - INFO - 
==================================================
2025-03-28 13:04:27,173 - event_bot_test - INFO - EVENT-ZUSAMMENFASSUNG: Test Event
2025-03-28 13:04:27,173 - event_bot_test - INFO - Datum: 2025-04-01 20:00
2025-03-28 13:04:27,174 - event_bot_test - INFO - Status: Offen
2025-03-28 13:04:27,174 - event_bot_test - INFO - Kapazit√§t: 47/75 Slots verwendet
2025-03-28 13:04:27,174 - event_bot_test - INFO - Max. Teamgr√∂√üe: 12
2025-03-28 13:04:27,174 - event_bot_test - INFO - 
ANGEMELDETE TEAMS (5): 
2025-03-28 13:04:27,174 - event_bot_test - INFO - 1. Alpha Team (Gr√∂√üe: 9, ID: cd8d5f52e4)
2025-03-28 13:04:27,174 - event_bot_test - INFO - 2. Beta Squad (Gr√∂√üe: 15, ID: 9d8eb293c5)
2025-03-28 13:04:27,174 - event_bot_test - INFO - 3. Epsilon Group (Gr√∂√üe: 11, ID: 5a608dcb0d)
2025-03-28 13:04:27,174 - event_bot_test - INFO - 4. Zeta Squad (Gr√∂√üe: 5, ID: d9a169ee5c)
2025-03-28 13:04:27,175 - event_bot_test - INFO - 5. Neuer√∂ffnetes Team (Gr√∂√üe: 7, ID: 7f65f19cfa)
2025-03-28 13:04:27,175 - event_bot_test - INFO - 
WARTELISTE (0): 
2025-03-28 13:04:27,175 - event_bot_test - INFO - 
BENUTZER-TEAM-ZUWEISUNGEN (5): 
2025-03-28 13:04:27,175 - event_bot_test - INFO - Benutzer 882822938115537915 -> Team 'Alpha Team'
2025-03-28 13:04:27,175 - event_bot_test - INFO - Benutzer 030648441336627049 -> Team 'Beta Squad'
2025-03-28 13:04:27,175 - event_bot_test - INFO - Benutzer 990268693029970294 -> Team 'Epsilon Group'
2025-03-28 13:04:27,175 - event_bot_test - INFO - Benutzer 732339052043172941 -> Team 'Zeta Squad'
2025-03-28 13:04:27,176 - event_bot_test - INFO - Benutzer 098374155769235445 -> Team 'Neuer√∂ffnetes Team'
2025-03-28 13:04:27,176 - event_bot_test - INFO - ==================================================

2025-03-28 13:04:27,176 - event_bot_test - INFO - 
=== Test 9: Vollst√§ndige Wartelisten-Verarbeitung ===
2025-03-28 13:04:27,176 - event_bot_test - INFO - Team 'Alpha Team' (9 Pl√§tze) vom Event entfernt
2025-03-28 13:04:27,176 - event_bot_test - INFO - Team-Zuweisung f√ºr Benutzer 882822938115537915 entfernt
2025-03-28 13:04:27,177 - event_bot_test - INFO - Team 'Beta Squad' (15 Pl√§tze) vom Event entfernt
2025-03-28 13:04:27,177 - event_bot_test - INFO - Team-Zuweisung f√ºr Benutzer 030648441336627049 entfernt
2025-03-28 13:04:27,177 - event_bot_test - INFO - Team 'Epsilon Group' (11 Pl√§tze) vom Event entfernt
2025-03-28 13:04:27,177 - event_bot_test - INFO - Team-Zuweisung f√ºr Benutzer 990268693029970294 entfernt
2025-03-28 13:04:27,178 - event_bot_test - INFO - Team 'Zeta Squad' (5 Pl√§tze) vom Event entfernt
2025-03-28 13:04:27,178 - event_bot_test - INFO - Team-Zuweisung f√ºr Benutzer 732339052043172941 entfernt
2025-03-28 13:04:27,178 - event_bot_test - INFO - Team 'Neuer√∂ffnetes Team' (7 Pl√§tze) vom Event entfernt
2025-03-28 13:04:27,178 - event_bot_test - INFO - Team-Zuweisung f√ºr Benutzer 098374155769235445 entfernt
2025-03-28 13:04:27,179 - event_bot_test - INFO - Neu aufgesetzte Event-Situation:
2025-03-28 13:04:27,179 - event_bot_test - INFO - 
==================================================
2025-03-28 13:04:27,179 - event_bot_test - INFO - EVENT-ZUSAMMENFASSUNG: Test Event
2025-03-28 13:04:27,179 - event_bot_test - INFO - Datum: 2025-04-01 20:00
2025-03-28 13:04:27,180 - event_bot_test - INFO - Status: Offen
2025-03-28 13:04:27,180 - event_bot_test - INFO - Kapazit√§t: 55/60 Slots verwendet
2025-03-28 13:04:27,180 - event_bot_test - INFO - Max. Teamgr√∂√üe: 12
2025-03-28 13:04:27,180 - event_bot_test - INFO - 
ANGEMELDETE TEAMS (2): 
2025-03-28 13:04:27,180 - event_bot_test - INFO - 1. Team A (Gr√∂√üe: 25, ID: 2fc2858955)
2025-03-28 13:04:27,180 - event_bot_test - INFO - 2. Team B (Gr√∂√üe: 30, ID: a4c99df5f7)
2025-03-28 13:04:27,180 - event_bot_test - INFO - 
WARTELISTE (3): 
2025-03-28 13:04:27,181 - event_bot_test - INFO - 1. Team C (Gr√∂√üe: 10, ID: 92bef51790)
2025-03-28 13:04:27,181 - event_bot_test - INFO - 2. Team D (Gr√∂√üe: 15, ID: baeccd87de)
2025-03-28 13:04:27,181 - event_bot_test - INFO - 3. Team E (Gr√∂√üe: 20, ID: 00204c7176)
2025-03-28 13:04:27,181 - event_bot_test - INFO - 
BENUTZER-TEAM-ZUWEISUNGEN (0): 
2025-03-28 13:04:27,181 - event_bot_test - INFO - ==================================================

2025-03-28 13:04:27,181 - event_bot_test - INFO - Team 'Team C': 10 Mitglieder von der Warteliste aufger√ºckt
2025-03-28 13:04:27,181 - event_bot_test - INFO - Team 'Team D': 15 Mitglieder von der Warteliste aufger√ºckt
2025-03-28 13:04:27,181 - event_bot_test - INFO - Team 'Team E': 20 Mitglieder von der Warteliste aufger√ºckt
2025-03-28 13:04:27,182 - event_bot_test - INFO - Kapazit√§t stark erweitern: Event-Kapazit√§t von 60 auf 100 erh√∂ht. Folgende Teams sind aufger√ºckt: Team C (+10), Team D (+15), Team E (+20)
2025-03-28 13:04:27,182 - event_bot_test - INFO - Verarbeitete Teams bei gro√üer Erweiterung: [('Team C', 10), ('Team D', 15), ('Team E', 20)]
2025-03-28 13:04:27,182 - event_bot_test - INFO - 
==================================================
2025-03-28 13:04:27,182 - event_bot_test - INFO - EVENT-ZUSAMMENFASSUNG: Test Event
2025-03-28 13:04:27,182 - event_bot_test - INFO - Datum: 2025-04-01 20:00
2025-03-28 13:04:27,182 - event_bot_test - INFO - Status: Offen
2025-03-28 13:04:27,182 - event_bot_test - INFO - Kapazit√§t: 100/100 Slots verwendet
2025-03-28 13:04:27,183 - event_bot_test - INFO - Max. Teamgr√∂√üe: 12
2025-03-28 13:04:27,183 - event_bot_test - INFO - 
ANGEMELDETE TEAMS (5): 
2025-03-28 13:04:27,183 - event_bot_test - INFO - 1. Team A (Gr√∂√üe: 25, ID: 2fc2858955)
2025-03-28 13:04:27,183 - event_bot_test - INFO - 2. Team B (Gr√∂√üe: 30, ID: a4c99df5f7)
2025-03-28 13:04:27,183 - event_bot_test - INFO - 3. Team C (Gr√∂√üe: 10, ID: 92bef51790)
2025-03-28 13:04:27,183 - event_bot_test - INFO - 4. Team D (Gr√∂√üe: 15, ID: baeccd87de)
2025-03-28 13:04:27,184 - event_bot_test - INFO - 5. Team E (Gr√∂√üe: 20, ID: 00204c7176)
2025-03-28 13:04:27,184 - event_bot_test - INFO - 
WARTELISTE (0): 
2025-03-28 13:04:27,184 - event_bot_test - INFO - 
BENUTZER-TEAM-ZUWEISUNGEN (0): 
2025-03-28 13:04:27,184 - event_bot_test - INFO - ==================================================

2025-03-28 13:04:27,184 - event_bot_test - INFO - 
=== TESTSUITE ABGESCHLOSSEN ===
2025-03-28 13:04:27,184 - event_bot_test - INFO - Der Testlauf des Event-Bots wurde erfolgreich abgeschlossen.
2025-03-28 13:04:27,184 - event_bot_test - INFO - Zeitstempel: 2025-03-28 13:04:27
2025-03-28 13:04:27,184 - event_bot - INFO - Test-Suite ausgef√ºhrt von saberrider (552617940168736770)
2025-03-28 13:04:27,185 - event_bot - INFO - üß™ Test-Suite ausgef√ºhrt von saberrider (552617940168736770)
2025-03-28 13:04:27,941 - event_bot - INFO - Data saved to event_data.pkl
--- Log Start: 2025-03-28 13:05:47 ---
2025-03-28 13:05:47,608 - event_bot - INFO - Logger initialisiert
2025-03-28 13:05:47,609 - discord.client - WARNING - PyNaCl is not installed, voice will NOT be supported
2025-03-28 13:05:47,609 - event_bot - INFO - Data loaded from event_data.pkl
2025-03-28 13:05:47,613 - event_bot - INFO - Starting bot...
2025-03-28 13:05:47,613 - discord.client - INFO - logging in using static token
2025-03-28 13:05:48,271 - event_bot - INFO - Slash commands synced
2025-03-28 13:05:48,698 - discord.gateway - INFO - Shard ID None has connected to Gateway (Session ID: 5f152204c350fe400826aa986f71abe0).
2025-03-28 13:05:50,709 - event_bot - INFO - Bot eingeloggt als CoC-RegBot#5619
2025-03-28 13:05:50,709 - event_bot - INFO - Log-Kanal initialisiert: log (ID: 1353319170451968040)
2025-03-28 13:05:50,709 - event_bot - INFO - Event-Bot gestartet!
2025-03-28 13:05:50,750 - event_bot - INFO - Data loaded from event_data.pkl
2025-03-28 13:05:50,753 - event_bot - INFO - Channel gefunden: registration
2025-03-28 13:05:50,947 - event_bot - INFO - Hauptkanal initialisiert: registration (731677145214091316)
--- Log Start: 2025-03-28 13:06:19 ---
2025-03-28 13:06:19,035 - event_bot - INFO - Logger initialisiert
2025-03-28 13:06:19,035 - discord.client - WARNING - PyNaCl is not installed, voice will NOT be supported
2025-03-28 13:06:19,036 - event_bot - INFO - Data loaded from event_data.pkl
2025-03-28 13:06:19,039 - event_bot - INFO - Starting bot...
2025-03-28 13:06:19,039 - discord.client - INFO - logging in using static token
2025-03-28 13:06:19,742 - event_bot - INFO - Slash commands synced
2025-03-28 13:06:20,034 - discord.gateway - INFO - Shard ID None has connected to Gateway (Session ID: 405518c225b2e5ddf936173141dc2731).
2025-03-28 13:06:22,041 - event_bot - INFO - Bot eingeloggt als CoC-RegBot#5619
2025-03-28 13:06:22,041 - event_bot - INFO - Log-Kanal initialisiert: log (ID: 1353319170451968040)
2025-03-28 13:06:22,041 - event_bot - INFO - Event-Bot gestartet!
2025-03-28 13:06:22,084 - event_bot - INFO - Data loaded from event_data.pkl
2025-03-28 13:06:22,086 - event_bot - INFO - Channel gefunden: registration
2025-03-28 13:06:22,341 - event_bot - INFO - Hauptkanal initialisiert: registration (731677145214091316)
2025-03-28 13:06:57,808 - event_bot_test - INFO - Starte Testprogramm f√ºr Event-Bot
2025-03-28 13:06:57,808 - event_bot_test - INFO - Zeitstempel: 2025-03-28 13:06:57
2025-03-28 13:06:57,809 - event_bot_test - INFO - Test-Daten zur√ºckgesetzt
2025-03-28 13:06:57,809 - event_bot_test - INFO - 
==================================================
2025-03-28 13:06:57,809 - event_bot_test - INFO - EVENT-ZUSAMMENFASSUNG: Test Event
2025-03-28 13:06:57,809 - event_bot_test - INFO - Datum: 2025-04-01 20:00
2025-03-28 13:06:57,809 - event_bot_test - INFO - Status: Offen
2025-03-28 13:06:57,809 - event_bot_test - INFO - Kapazit√§t: 0/60 Slots verwendet
2025-03-28 13:06:57,809 - event_bot_test - INFO - Max. Teamgr√∂√üe: 12
2025-03-28 13:06:57,810 - event_bot_test - INFO - 
ANGEMELDETE TEAMS (0): 
2025-03-28 13:06:57,810 - event_bot_test - INFO - 
WARTELISTE (0): 
2025-03-28 13:06:57,810 - event_bot_test - INFO - 
BENUTZER-TEAM-ZUWEISUNGEN (0): 
2025-03-28 13:06:57,810 - event_bot_test - INFO - ==================================================

2025-03-28 13:06:57,810 - event_bot_test - INFO - 
=== Test 1: Teams anmelden bis Event voll ist ===
2025-03-28 13:06:57,810 - event_bot_test - INFO - Eventkapazit√§t: 60 Slots
2025-03-28 13:06:57,811 - event_bot_test - INFO - Team 1: Team 'Alpha Team' wurde erfolgreich mit 10 Teilnehmern registriert.
2025-03-28 13:06:57,811 - event_bot_test - INFO - Team 2: Team 'Beta Squad' wurde erfolgreich mit 15 Teilnehmern registriert.
2025-03-28 13:06:57,812 - event_bot_test - INFO - Team 3: Team 'Gamma Force' wurde erfolgreich mit 12 Teilnehmern registriert.
2025-03-28 13:06:57,812 - event_bot_test - INFO - Team 4: Team 'Delta Crew' wurde erfolgreich mit 8 Teilnehmern registriert.
2025-03-28 13:06:57,812 - event_bot_test - INFO - Team 5: Team 'Epsilon Group' wurde erfolgreich mit 11 Teilnehmern registriert.
2025-03-28 13:06:57,813 - event_bot_test - INFO - 
==================================================
2025-03-28 13:06:57,813 - event_bot_test - INFO - EVENT-ZUSAMMENFASSUNG: Test Event
2025-03-28 13:06:57,813 - event_bot_test - INFO - Datum: 2025-04-01 20:00
2025-03-28 13:06:57,813 - event_bot_test - INFO - Status: Offen
2025-03-28 13:06:57,813 - event_bot_test - INFO - Kapazit√§t: 56/60 Slots verwendet
2025-03-28 13:06:57,813 - event_bot_test - INFO - Max. Teamgr√∂√üe: 12
2025-03-28 13:06:57,813 - event_bot_test - INFO - 
ANGEMELDETE TEAMS (5): 
2025-03-28 13:06:57,814 - event_bot_test - INFO - 1. Alpha Team (Gr√∂√üe: 10, ID: cd8d5f52e4)
2025-03-28 13:06:57,814 - event_bot_test - INFO - 2. Beta Squad (Gr√∂√üe: 15, ID: 9d8eb293c5)
2025-03-28 13:06:57,814 - event_bot_test - INFO - 3. Gamma Force (Gr√∂√üe: 12, ID: fdbd1698c9)
2025-03-28 13:06:57,814 - event_bot_test - INFO - 4. Delta Crew (Gr√∂√üe: 8, ID: 26603ad869)
2025-03-28 13:06:57,814 - event_bot_test - INFO - 5. Epsilon Group (Gr√∂√üe: 11, ID: 5a608dcb0d)
2025-03-28 13:06:57,814 - event_bot_test - INFO - 
WARTELISTE (0): 
2025-03-28 13:06:57,815 - event_bot_test - INFO - 
BENUTZER-TEAM-ZUWEISUNGEN (5): 
2025-03-28 13:06:57,815 - event_bot_test - INFO - Benutzer 537137934941327884 -> Team 'Alpha Team'
2025-03-28 13:06:57,815 - event_bot_test - INFO - Benutzer 991970752396886274 -> Team 'Beta Squad'
2025-03-28 13:06:57,815 - event_bot_test - INFO - Benutzer 106175108501962205 -> Team 'Gamma Force'
2025-03-28 13:06:57,816 - event_bot_test - INFO - Benutzer 085834632018969528 -> Team 'Delta Crew'
2025-03-28 13:06:57,816 - event_bot_test - INFO - Benutzer 350275503434666742 -> Team 'Epsilon Group'
2025-03-28 13:06:57,817 - event_bot_test - INFO - ==================================================

2025-03-28 13:06:57,817 - event_bot_test - INFO - 
=== Test 2: Teams auf Warteliste setzen ===
2025-03-28 13:06:57,817 - event_bot_test - INFO - Team 6 (sollte auf Warteliste): Team 'Zeta Squad' wurde auf die Warteliste gesetzt (Position: 1).
2025-03-28 13:06:57,817 - event_bot_test - INFO - Team 7 (sollte auf Warteliste): Team 'Theta Team' wurde auf die Warteliste gesetzt (Position: 2).
2025-03-28 13:06:57,817 - event_bot_test - INFO - 
==================================================
2025-03-28 13:06:57,818 - event_bot_test - INFO - EVENT-ZUSAMMENFASSUNG: Test Event
2025-03-28 13:06:57,818 - event_bot_test - INFO - Datum: 2025-04-01 20:00
2025-03-28 13:06:57,818 - event_bot_test - INFO - Status: Offen
2025-03-28 13:06:57,818 - event_bot_test - INFO - Kapazit√§t: 56/60 Slots verwendet
2025-03-28 13:06:57,818 - event_bot_test - INFO - Max. Teamgr√∂√üe: 12
2025-03-28 13:06:57,818 - event_bot_test - INFO - 
ANGEMELDETE TEAMS (5): 
2025-03-28 13:06:57,818 - event_bot_test - INFO - 1. Alpha Team (Gr√∂√üe: 10, ID: cd8d5f52e4)
2025-03-28 13:06:57,818 - event_bot_test - INFO - 2. Beta Squad (Gr√∂√üe: 15, ID: 9d8eb293c5)
2025-03-28 13:06:57,818 - event_bot_test - INFO - 3. Gamma Force (Gr√∂√üe: 12, ID: fdbd1698c9)
2025-03-28 13:06:57,818 - event_bot_test - INFO - 4. Delta Crew (Gr√∂√üe: 8, ID: 26603ad869)
2025-03-28 13:06:57,819 - event_bot_test - INFO - 5. Epsilon Group (Gr√∂√üe: 11, ID: 5a608dcb0d)
2025-03-28 13:06:57,819 - event_bot_test - INFO - 
WARTELISTE (2): 
2025-03-28 13:06:57,819 - event_bot_test - INFO - 1. Zeta Squad (Gr√∂√üe: 9, ID: d9a169ee5c)
2025-03-28 13:06:57,819 - event_bot_test - INFO - 2. Theta Team (Gr√∂√üe: 7, ID: 7d3fc5906c)
2025-03-28 13:06:57,819 - event_bot_test - INFO - 
BENUTZER-TEAM-ZUWEISUNGEN (7): 
2025-03-28 13:06:57,819 - event_bot_test - INFO - Benutzer 537137934941327884 -> Team 'Alpha Team'
2025-03-28 13:06:57,819 - event_bot_test - INFO - Benutzer 991970752396886274 -> Team 'Beta Squad'
2025-03-28 13:06:57,820 - event_bot_test - INFO - Benutzer 106175108501962205 -> Team 'Gamma Force'
2025-03-28 13:06:57,822 - event_bot_test - INFO - Benutzer 085834632018969528 -> Team 'Delta Crew'
2025-03-28 13:06:57,822 - event_bot_test - INFO - Benutzer 350275503434666742 -> Team 'Epsilon Group'
2025-03-28 13:06:57,822 - event_bot_test - INFO - Benutzer 248746091732098276 -> Team 'Zeta Squad'
2025-03-28 13:06:57,822 - event_bot_test - INFO - Benutzer 844354394837810955 -> Team 'Theta Team'
2025-03-28 13:06:57,822 - event_bot_test - INFO - ==================================================

2025-03-28 13:06:57,822 - event_bot_test - INFO - 
=== Test 3: Edge Case - Doppelte Registrierung ===
2025-03-28 13:06:57,822 - event_bot_test - INFO - Doppelte Registrierung: Ein Team mit dem Namen 'alpha team' ist bereits registriert.
2025-03-28 13:06:57,823 - event_bot_test - INFO - 
=== Test 4: Edge Case - Teamgr√∂√üe √§ndern ===
2025-03-28 13:06:57,823 - event_bot_test - INFO - Team 'Alpha Team' von 10 auf 8 verkleinert
2025-03-28 13:06:57,823 - event_bot_test - INFO - Team verkleinern: Team 'Alpha Team' wurde von 10 auf 8 verkleinert.
2025-03-28 13:06:57,823 - event_bot_test - INFO - Team 'Alpha Team' von 8 auf 9 vergr√∂√üert
2025-03-28 13:06:57,823 - event_bot_test - INFO - Team leicht vergr√∂√üern: Team 'Alpha Team' wurde von 8 auf 9 vergr√∂√üert.
2025-03-28 13:06:57,823 - event_bot_test - INFO - Team stark vergr√∂√üern: Die maximale Teamgr√∂√üe ist 12.
2025-03-28 13:06:57,823 - event_bot_test - INFO - Team 'Zeta Squad' auf Warteliste von 9 auf 5 verkleinert
2025-03-28 13:06:57,824 - event_bot_test - INFO - Wartelisten-Team verkleinern: Team 'Zeta Squad' wurde auf der Warteliste von 9 auf 5 verkleinert.
2025-03-28 13:06:57,824 - event_bot_test - INFO - Team 'Theta Team' auf Warteliste von 7 auf 10 vergr√∂√üert
2025-03-28 13:06:57,824 - event_bot_test - INFO - Wartelisten-Team vergr√∂√üern: Team 'Theta Team' wurde auf der Warteliste von 7 auf 10 vergr√∂√üert.
2025-03-28 13:06:57,824 - event_bot_test - INFO - 
==================================================
2025-03-28 13:06:57,824 - event_bot_test - INFO - EVENT-ZUSAMMENFASSUNG: Test Event
2025-03-28 13:06:57,824 - event_bot_test - INFO - Datum: 2025-04-01 20:00
2025-03-28 13:06:57,824 - event_bot_test - INFO - Status: Offen
2025-03-28 13:06:57,824 - event_bot_test - INFO - Kapazit√§t: 55/60 Slots verwendet
2025-03-28 13:06:57,824 - event_bot_test - INFO - Max. Teamgr√∂√üe: 12
2025-03-28 13:06:57,824 - event_bot_test - INFO - 
ANGEMELDETE TEAMS (5): 
2025-03-28 13:06:57,824 - event_bot_test - INFO - 1. Alpha Team (Gr√∂√üe: 9, ID: cd8d5f52e4)
2025-03-28 13:06:57,824 - event_bot_test - INFO - 2. Beta Squad (Gr√∂√üe: 15, ID: 9d8eb293c5)
2025-03-28 13:06:57,824 - event_bot_test - INFO - 3. Gamma Force (Gr√∂√üe: 12, ID: fdbd1698c9)
2025-03-28 13:06:57,825 - event_bot_test - INFO - 4. Delta Crew (Gr√∂√üe: 8, ID: 26603ad869)
2025-03-28 13:06:57,825 - event_bot_test - INFO - 5. Epsilon Group (Gr√∂√üe: 11, ID: 5a608dcb0d)
2025-03-28 13:06:57,825 - event_bot_test - INFO - 
WARTELISTE (2): 
2025-03-28 13:06:57,825 - event_bot_test - INFO - 1. Zeta Squad (Gr√∂√üe: 5, ID: d9a169ee5c)
2025-03-28 13:06:57,825 - event_bot_test - INFO - 2. Theta Team (Gr√∂√üe: 10, ID: 7d3fc5906c)
2025-03-28 13:06:57,826 - event_bot_test - INFO - 
BENUTZER-TEAM-ZUWEISUNGEN (7): 
2025-03-28 13:06:57,826 - event_bot_test - INFO - Benutzer 537137934941327884 -> Team 'Alpha Team'
2025-03-28 13:06:57,826 - event_bot_test - INFO - Benutzer 991970752396886274 -> Team 'Beta Squad'
2025-03-28 13:06:57,826 - event_bot_test - INFO - Benutzer 106175108501962205 -> Team 'Gamma Force'
2025-03-28 13:06:57,826 - event_bot_test - INFO - Benutzer 085834632018969528 -> Team 'Delta Crew'
2025-03-28 13:06:57,827 - event_bot_test - INFO - Benutzer 350275503434666742 -> Team 'Epsilon Group'
2025-03-28 13:06:57,827 - event_bot_test - INFO - Benutzer 248746091732098276 -> Team 'Zeta Squad'
2025-03-28 13:06:57,827 - event_bot_test - INFO - Benutzer 844354394837810955 -> Team 'Theta Team'
2025-03-28 13:06:57,827 - event_bot_test - INFO - ==================================================

2025-03-28 13:06:57,827 - event_bot_test - INFO - 
=== Test 5: Edge Case - Team abmelden ===
2025-03-28 13:06:57,828 - event_bot_test - INFO - Team 'Gamma Force' (12 Pl√§tze) vom Event entfernt
2025-03-28 13:06:57,828 - event_bot_test - INFO - Team-Zuweisung f√ºr Benutzer 106175108501962205 entfernt
2025-03-28 13:06:57,828 - event_bot_test - INFO - Team aus Event abmelden: Team 'Gamma Force' wurde erfolgreich abgemeldet., Freigewordene Slots: 12
2025-03-28 13:06:57,828 - event_bot_test - INFO - Nach Abmeldung (Warteliste sollte verarbeitet werden):
2025-03-28 13:06:57,829 - event_bot_test - INFO - 
==================================================
2025-03-28 13:06:57,829 - event_bot_test - INFO - EVENT-ZUSAMMENFASSUNG: Test Event
2025-03-28 13:06:57,829 - event_bot_test - INFO - Datum: 2025-04-01 20:00
2025-03-28 13:06:57,829 - event_bot_test - INFO - Status: Offen
2025-03-28 13:06:57,829 - event_bot_test - INFO - Kapazit√§t: 43/60 Slots verwendet
2025-03-28 13:06:57,829 - event_bot_test - INFO - Max. Teamgr√∂√üe: 12
2025-03-28 13:06:57,830 - event_bot_test - INFO - 
ANGEMELDETE TEAMS (4): 
2025-03-28 13:06:57,830 - event_bot_test - INFO - 1. Alpha Team (Gr√∂√üe: 9, ID: cd8d5f52e4)
2025-03-28 13:06:57,830 - event_bot_test - INFO - 2. Beta Squad (Gr√∂√üe: 15, ID: 9d8eb293c5)
2025-03-28 13:06:57,830 - event_bot_test - INFO - 3. Delta Crew (Gr√∂√üe: 8, ID: 26603ad869)
2025-03-28 13:06:57,830 - event_bot_test - INFO - 4. Epsilon Group (Gr√∂√üe: 11, ID: 5a608dcb0d)
2025-03-28 13:06:57,831 - event_bot_test - INFO - 
WARTELISTE (2): 
2025-03-28 13:06:57,831 - event_bot_test - INFO - 1. Zeta Squad (Gr√∂√üe: 5, ID: d9a169ee5c)
2025-03-28 13:06:57,831 - event_bot_test - INFO - 2. Theta Team (Gr√∂√üe: 10, ID: 7d3fc5906c)
2025-03-28 13:06:57,831 - event_bot_test - INFO - 
BENUTZER-TEAM-ZUWEISUNGEN (6): 
2025-03-28 13:06:57,832 - event_bot_test - INFO - Benutzer 537137934941327884 -> Team 'Alpha Team'
2025-03-28 13:06:57,832 - event_bot_test - INFO - Benutzer 991970752396886274 -> Team 'Beta Squad'
2025-03-28 13:06:57,832 - event_bot_test - INFO - Benutzer 085834632018969528 -> Team 'Delta Crew'
2025-03-28 13:06:57,832 - event_bot_test - INFO - Benutzer 350275503434666742 -> Team 'Epsilon Group'
2025-03-28 13:06:57,832 - event_bot_test - INFO - Benutzer 248746091732098276 -> Team 'Zeta Squad'
2025-03-28 13:06:57,832 - event_bot_test - INFO - Benutzer 844354394837810955 -> Team 'Theta Team'
2025-03-28 13:06:57,833 - event_bot_test - INFO - ==================================================

2025-03-28 13:06:57,833 - event_bot_test - INFO - Team 'Theta Team' (10 Pl√§tze) von der Warteliste entfernt
2025-03-28 13:06:57,833 - event_bot_test - INFO - Team-Zuweisung f√ºr Benutzer 844354394837810955 entfernt
2025-03-28 13:06:57,833 - event_bot_test - INFO - Team von Warteliste abmelden: Team 'Theta Team' wurde erfolgreich abgemeldet.
2025-03-28 13:06:57,833 - event_bot_test - INFO - Nicht-existierendes Team abmelden: Team 'Nichtexistierendes Team' ist weder angemeldet noch auf der Warteliste.
2025-03-28 13:06:57,833 - event_bot_test - INFO - 
==================================================
2025-03-28 13:06:57,834 - event_bot_test - INFO - EVENT-ZUSAMMENFASSUNG: Test Event
2025-03-28 13:06:57,834 - event_bot_test - INFO - Datum: 2025-04-01 20:00
2025-03-28 13:06:57,834 - event_bot_test - INFO - Status: Offen
2025-03-28 13:06:57,834 - event_bot_test - INFO - Kapazit√§t: 43/60 Slots verwendet
2025-03-28 13:06:57,834 - event_bot_test - INFO - Max. Teamgr√∂√üe: 12
2025-03-28 13:06:57,834 - event_bot_test - INFO - 
ANGEMELDETE TEAMS (4): 
2025-03-28 13:06:57,835 - event_bot_test - INFO - 1. Alpha Team (Gr√∂√üe: 9, ID: cd8d5f52e4)
2025-03-28 13:06:57,835 - event_bot_test - INFO - 2. Beta Squad (Gr√∂√üe: 15, ID: 9d8eb293c5)
2025-03-28 13:06:57,835 - event_bot_test - INFO - 3. Delta Crew (Gr√∂√üe: 8, ID: 26603ad869)
2025-03-28 13:06:57,838 - event_bot_test - INFO - 4. Epsilon Group (Gr√∂√üe: 11, ID: 5a608dcb0d)
2025-03-28 13:06:57,838 - event_bot_test - INFO - 
WARTELISTE (1): 
2025-03-28 13:06:57,839 - event_bot_test - INFO - 1. Zeta Squad (Gr√∂√üe: 5, ID: d9a169ee5c)
2025-03-28 13:06:57,839 - event_bot_test - INFO - 
BENUTZER-TEAM-ZUWEISUNGEN (5): 
2025-03-28 13:06:57,839 - event_bot_test - INFO - Benutzer 537137934941327884 -> Team 'Alpha Team'
2025-03-28 13:06:57,839 - event_bot_test - INFO - Benutzer 991970752396886274 -> Team 'Beta Squad'
2025-03-28 13:06:57,840 - event_bot_test - INFO - Benutzer 085834632018969528 -> Team 'Delta Crew'
2025-03-28 13:06:57,840 - event_bot_test - INFO - Benutzer 350275503434666742 -> Team 'Epsilon Group'
2025-03-28 13:06:57,840 - event_bot_test - INFO - Benutzer 248746091732098276 -> Team 'Zeta Squad'
2025-03-28 13:06:57,840 - event_bot_test - INFO - ==================================================

2025-03-28 13:06:57,840 - event_bot_test - INFO - 
=== Test 6: Edge Case - Event schlie√üen/√∂ffnen ===
2025-03-28 13:06:57,840 - event_bot_test - INFO - Event schlie√üen: Die Anmeldungen f√ºr das Event 'Test Event' wurden geschlossen.
2025-03-28 13:06:57,841 - event_bot_test - INFO - Team bei geschlossenem Event anmelden: Die Anmeldungen f√ºr dieses Event sind derzeit geschlossen.
2025-03-28 13:06:57,841 - event_bot_test - INFO - Team 'Zeta Squad': 5 Mitglieder von der Warteliste aufger√ºckt
2025-03-28 13:06:57,841 - event_bot_test - INFO - Event √∂ffnen: Die Anmeldungen f√ºr das Event 'Test Event' wurden wieder ge√∂ffnet. Folgende Teams sind aufger√ºckt: Zeta Squad (+5)
2025-03-28 13:06:57,841 - event_bot_test - INFO - Verarbeitete Teams beim √ñffnen: [('Zeta Squad', 5)]
2025-03-28 13:06:57,842 - event_bot_test - INFO - Team nach Wiederer√∂ffnung anmelden: Team 'Neuer√∂ffnetes Team' wurde erfolgreich mit 7 Teilnehmern registriert.
2025-03-28 13:06:57,842 - event_bot_test - INFO - 
==================================================
2025-03-28 13:06:57,842 - event_bot_test - INFO - EVENT-ZUSAMMENFASSUNG: Test Event
2025-03-28 13:06:57,842 - event_bot_test - INFO - Datum: 2025-04-01 20:00
2025-03-28 13:06:57,842 - event_bot_test - INFO - Status: Offen
2025-03-28 13:06:57,842 - event_bot_test - INFO - Kapazit√§t: 55/60 Slots verwendet
2025-03-28 13:06:57,842 - event_bot_test - INFO - Max. Teamgr√∂√üe: 12
2025-03-28 13:06:57,842 - event_bot_test - INFO - 
ANGEMELDETE TEAMS (6): 
2025-03-28 13:06:57,843 - event_bot_test - INFO - 1. Alpha Team (Gr√∂√üe: 9, ID: cd8d5f52e4)
2025-03-28 13:06:57,843 - event_bot_test - INFO - 2. Beta Squad (Gr√∂√üe: 15, ID: 9d8eb293c5)
2025-03-28 13:06:57,843 - event_bot_test - INFO - 3. Delta Crew (Gr√∂√üe: 8, ID: 26603ad869)
2025-03-28 13:06:57,843 - event_bot_test - INFO - 4. Epsilon Group (Gr√∂√üe: 11, ID: 5a608dcb0d)
2025-03-28 13:06:57,844 - event_bot_test - INFO - 5. Zeta Squad (Gr√∂√üe: 5, ID: d9a169ee5c)
2025-03-28 13:06:57,844 - event_bot_test - INFO - 6. Neuer√∂ffnetes Team (Gr√∂√üe: 7, ID: 7f65f19cfa)
2025-03-28 13:06:57,844 - event_bot_test - INFO - 
WARTELISTE (0): 
2025-03-28 13:06:57,844 - event_bot_test - INFO - 
BENUTZER-TEAM-ZUWEISUNGEN (6): 
2025-03-28 13:06:57,844 - event_bot_test - INFO - Benutzer 537137934941327884 -> Team 'Alpha Team'
2025-03-28 13:06:57,844 - event_bot_test - INFO - Benutzer 991970752396886274 -> Team 'Beta Squad'
2025-03-28 13:06:57,845 - event_bot_test - INFO - Benutzer 085834632018969528 -> Team 'Delta Crew'
2025-03-28 13:06:57,845 - event_bot_test - INFO - Benutzer 350275503434666742 -> Team 'Epsilon Group'
2025-03-28 13:06:57,845 - event_bot_test - INFO - Benutzer 248746091732098276 -> Team 'Zeta Squad'
2025-03-28 13:06:57,845 - event_bot_test - INFO - Benutzer 864519887812394185 -> Team 'Neuer√∂ffnetes Team'
2025-03-28 13:06:57,845 - event_bot_test - INFO - ==================================================

2025-03-28 13:06:57,845 - event_bot_test - INFO - 
=== Test 7: Edge Case - Event-Kapazit√§t erweitern ===
2025-03-28 13:06:57,846 - event_bot_test - INFO - Kapazit√§t erweitern: Event-Kapazit√§t von 60 auf 75 erh√∂ht. Keine Teams auf der Warteliste.
2025-03-28 13:06:57,846 - event_bot_test - INFO - 
==================================================
2025-03-28 13:06:57,846 - event_bot_test - INFO - EVENT-ZUSAMMENFASSUNG: Test Event
2025-03-28 13:06:57,846 - event_bot_test - INFO - Datum: 2025-04-01 20:00
2025-03-28 13:06:57,846 - event_bot_test - INFO - Status: Offen
2025-03-28 13:06:57,846 - event_bot_test - INFO - Kapazit√§t: 55/75 Slots verwendet
2025-03-28 13:06:57,846 - event_bot_test - INFO - Max. Teamgr√∂√üe: 12
2025-03-28 13:06:57,846 - event_bot_test - INFO - 
ANGEMELDETE TEAMS (6): 
2025-03-28 13:06:57,847 - event_bot_test - INFO - 1. Alpha Team (Gr√∂√üe: 9, ID: cd8d5f52e4)
2025-03-28 13:06:57,847 - event_bot_test - INFO - 2. Beta Squad (Gr√∂√üe: 15, ID: 9d8eb293c5)
2025-03-28 13:06:57,847 - event_bot_test - INFO - 3. Delta Crew (Gr√∂√üe: 8, ID: 26603ad869)
2025-03-28 13:06:57,847 - event_bot_test - INFO - 4. Epsilon Group (Gr√∂√üe: 11, ID: 5a608dcb0d)
2025-03-28 13:06:57,847 - event_bot_test - INFO - 5. Zeta Squad (Gr√∂√üe: 5, ID: d9a169ee5c)
2025-03-28 13:06:57,847 - event_bot_test - INFO - 6. Neuer√∂ffnetes Team (Gr√∂√üe: 7, ID: 7f65f19cfa)
2025-03-28 13:06:57,848 - event_bot_test - INFO - 
WARTELISTE (0): 
2025-03-28 13:06:57,848 - event_bot_test - INFO - 
BENUTZER-TEAM-ZUWEISUNGEN (6): 
2025-03-28 13:06:57,848 - event_bot_test - INFO - Benutzer 537137934941327884 -> Team 'Alpha Team'
2025-03-28 13:06:57,848 - event_bot_test - INFO - Benutzer 991970752396886274 -> Team 'Beta Squad'
2025-03-28 13:06:57,848 - event_bot_test - INFO - Benutzer 085834632018969528 -> Team 'Delta Crew'
2025-03-28 13:06:57,848 - event_bot_test - INFO - Benutzer 350275503434666742 -> Team 'Epsilon Group'
2025-03-28 13:06:57,848 - event_bot_test - INFO - Benutzer 248746091732098276 -> Team 'Zeta Squad'
2025-03-28 13:06:57,849 - event_bot_test - INFO - Benutzer 864519887812394185 -> Team 'Neuer√∂ffnetes Team'
2025-03-28 13:06:57,849 - event_bot_test - INFO - ==================================================

2025-03-28 13:06:57,849 - event_bot_test - INFO - 
=== Test 8: Edge Case - Team auf Gr√∂√üe 0 setzen ===
2025-03-28 13:06:57,849 - event_bot_test - INFO - Team 'Delta Crew' (8 Pl√§tze) vom Event entfernt
2025-03-28 13:06:57,849 - event_bot_test - INFO - Team-Zuweisung f√ºr Benutzer 085834632018969528 entfernt
2025-03-28 13:06:57,850 - event_bot_test - INFO - Team auf Gr√∂√üe 0 setzen: Team 'Delta Crew' wurde erfolgreich abgemeldet.
2025-03-28 13:06:57,850 - event_bot_test - INFO - 
==================================================
2025-03-28 13:06:57,850 - event_bot_test - INFO - EVENT-ZUSAMMENFASSUNG: Test Event
2025-03-28 13:06:57,850 - event_bot_test - INFO - Datum: 2025-04-01 20:00
2025-03-28 13:06:57,850 - event_bot_test - INFO - Status: Offen
2025-03-28 13:06:57,851 - event_bot_test - INFO - Kapazit√§t: 47/75 Slots verwendet
2025-03-28 13:06:57,851 - event_bot_test - INFO - Max. Teamgr√∂√üe: 12
2025-03-28 13:06:57,851 - event_bot_test - INFO - 
ANGEMELDETE TEAMS (5): 
2025-03-28 13:06:57,851 - event_bot_test - INFO - 1. Alpha Team (Gr√∂√üe: 9, ID: cd8d5f52e4)
2025-03-28 13:06:57,852 - event_bot_test - INFO - 2. Beta Squad (Gr√∂√üe: 15, ID: 9d8eb293c5)
2025-03-28 13:06:57,852 - event_bot_test - INFO - 3. Epsilon Group (Gr√∂√üe: 11, ID: 5a608dcb0d)
2025-03-28 13:06:57,852 - event_bot_test - INFO - 4. Zeta Squad (Gr√∂√üe: 5, ID: d9a169ee5c)
2025-03-28 13:06:57,852 - event_bot_test - INFO - 5. Neuer√∂ffnetes Team (Gr√∂√üe: 7, ID: 7f65f19cfa)
2025-03-28 13:06:57,852 - event_bot_test - INFO - 
WARTELISTE (0): 
2025-03-28 13:06:57,852 - event_bot_test - INFO - 
BENUTZER-TEAM-ZUWEISUNGEN (5): 
2025-03-28 13:06:57,853 - event_bot_test - INFO - Benutzer 537137934941327884 -> Team 'Alpha Team'
2025-03-28 13:06:57,853 - event_bot_test - INFO - Benutzer 991970752396886274 -> Team 'Beta Squad'
2025-03-28 13:06:57,853 - event_bot_test - INFO - Benutzer 350275503434666742 -> Team 'Epsilon Group'
2025-03-28 13:06:57,853 - event_bot_test - INFO - Benutzer 248746091732098276 -> Team 'Zeta Squad'
2025-03-28 13:06:57,853 - event_bot_test - INFO - Benutzer 864519887812394185 -> Team 'Neuer√∂ffnetes Team'
2025-03-28 13:06:57,854 - event_bot_test - INFO - ==================================================

2025-03-28 13:06:57,854 - event_bot_test - INFO - 
=== Test 9: Vollst√§ndige Wartelisten-Verarbeitung ===
2025-03-28 13:06:57,854 - event_bot_test - INFO - Team 'Alpha Team' (9 Pl√§tze) vom Event entfernt
2025-03-28 13:06:57,854 - event_bot_test - INFO - Team-Zuweisung f√ºr Benutzer 537137934941327884 entfernt
2025-03-28 13:06:57,855 - event_bot_test - INFO - Team 'Beta Squad' (15 Pl√§tze) vom Event entfernt
2025-03-28 13:06:57,855 - event_bot_test - INFO - Team-Zuweisung f√ºr Benutzer 991970752396886274 entfernt
2025-03-28 13:06:57,855 - event_bot_test - INFO - Team 'Epsilon Group' (11 Pl√§tze) vom Event entfernt
2025-03-28 13:06:57,855 - event_bot_test - INFO - Team-Zuweisung f√ºr Benutzer 350275503434666742 entfernt
2025-03-28 13:06:57,855 - event_bot_test - INFO - Team 'Zeta Squad' (5 Pl√§tze) vom Event entfernt
2025-03-28 13:06:57,856 - event_bot_test - INFO - Team-Zuweisung f√ºr Benutzer 248746091732098276 entfernt
2025-03-28 13:06:57,856 - event_bot_test - INFO - Team 'Neuer√∂ffnetes Team' (7 Pl√§tze) vom Event entfernt
2025-03-28 13:06:57,856 - event_bot_test - INFO - Team-Zuweisung f√ºr Benutzer 864519887812394185 entfernt
2025-03-28 13:06:57,857 - event_bot_test - INFO - Neu aufgesetzte Event-Situation:
2025-03-28 13:06:57,857 - event_bot_test - INFO - 
==================================================
2025-03-28 13:06:57,857 - event_bot_test - INFO - EVENT-ZUSAMMENFASSUNG: Test Event
2025-03-28 13:06:57,857 - event_bot_test - INFO - Datum: 2025-04-01 20:00
2025-03-28 13:06:57,858 - event_bot_test - INFO - Status: Offen
2025-03-28 13:06:57,858 - event_bot_test - INFO - Kapazit√§t: 55/60 Slots verwendet
2025-03-28 13:06:57,858 - event_bot_test - INFO - Max. Teamgr√∂√üe: 12
2025-03-28 13:06:57,858 - event_bot_test - INFO - 
ANGEMELDETE TEAMS (2): 
2025-03-28 13:06:57,858 - event_bot_test - INFO - 1. Team A (Gr√∂√üe: 25, ID: 2fc2858955)
2025-03-28 13:06:57,858 - event_bot_test - INFO - 2. Team B (Gr√∂√üe: 30, ID: a4c99df5f7)
2025-03-28 13:06:57,858 - event_bot_test - INFO - 
WARTELISTE (3): 
2025-03-28 13:06:57,859 - event_bot_test - INFO - 1. Team C (Gr√∂√üe: 10, ID: 92bef51790)
2025-03-28 13:06:57,859 - event_bot_test - INFO - 2. Team D (Gr√∂√üe: 15, ID: baeccd87de)
2025-03-28 13:06:57,859 - event_bot_test - INFO - 3. Team E (Gr√∂√üe: 20, ID: 00204c7176)
2025-03-28 13:06:57,859 - event_bot_test - INFO - 
BENUTZER-TEAM-ZUWEISUNGEN (0): 
2025-03-28 13:06:57,859 - event_bot_test - INFO - ==================================================

2025-03-28 13:06:57,859 - event_bot_test - INFO - Team 'Team C': 10 Mitglieder von der Warteliste aufger√ºckt
2025-03-28 13:06:57,860 - event_bot_test - INFO - Team 'Team D': 15 Mitglieder von der Warteliste aufger√ºckt
2025-03-28 13:06:57,860 - event_bot_test - INFO - Team 'Team E': 20 Mitglieder von der Warteliste aufger√ºckt
2025-03-28 13:06:57,860 - event_bot_test - INFO - Kapazit√§t stark erweitern: Event-Kapazit√§t von 60 auf 100 erh√∂ht. Folgende Teams sind aufger√ºckt: Team C (+10), Team D (+15), Team E (+20)
2025-03-28 13:06:57,861 - event_bot_test - INFO - Verarbeitete Teams bei gro√üer Erweiterung: [('Team C', 10), ('Team D', 15), ('Team E', 20)]
2025-03-28 13:06:57,861 - event_bot_test - INFO - 
==================================================
2025-03-28 13:06:57,861 - event_bot_test - INFO - EVENT-ZUSAMMENFASSUNG: Test Event
2025-03-28 13:06:57,861 - event_bot_test - INFO - Datum: 2025-04-01 20:00
2025-03-28 13:06:57,861 - event_bot_test - INFO - Status: Offen
2025-03-28 13:06:57,862 - event_bot_test - INFO - Kapazit√§t: 100/100 Slots verwendet
2025-03-28 13:06:57,862 - event_bot_test - INFO - Max. Teamgr√∂√üe: 12
2025-03-28 13:06:57,862 - event_bot_test - INFO - 
ANGEMELDETE TEAMS (5): 
2025-03-28 13:06:57,862 - event_bot_test - INFO - 1. Team A (Gr√∂√üe: 25, ID: 2fc2858955)
2025-03-28 13:06:57,862 - event_bot_test - INFO - 2. Team B (Gr√∂√üe: 30, ID: a4c99df5f7)
2025-03-28 13:06:57,862 - event_bot_test - INFO - 3. Team C (Gr√∂√üe: 10, ID: 92bef51790)
2025-03-28 13:06:57,862 - event_bot_test - INFO - 4. Team D (Gr√∂√üe: 15, ID: baeccd87de)
2025-03-28 13:06:57,862 - event_bot_test - INFO - 5. Team E (Gr√∂√üe: 20, ID: 00204c7176)
2025-03-28 13:06:57,862 - event_bot_test - INFO - 
WARTELISTE (0): 
2025-03-28 13:06:57,863 - event_bot_test - INFO - 
BENUTZER-TEAM-ZUWEISUNGEN (0): 
2025-03-28 13:06:57,863 - event_bot_test - INFO - ==================================================

2025-03-28 13:06:57,863 - event_bot_test - INFO - 
=== TESTSUITE ABGESCHLOSSEN ===
2025-03-28 13:06:57,863 - event_bot_test - INFO - Der Testlauf des Event-Bots wurde erfolgreich abgeschlossen.
2025-03-28 13:06:57,863 - event_bot_test - INFO - Zeitstempel: 2025-03-28 13:06:57
2025-03-28 13:06:57,864 - event_bot - INFO - Test-Suite ausgef√ºhrt von saberrider (552617940168736770)
2025-03-28 13:06:57,865 - event_bot - INFO - üß™ Test-Suite ausgef√ºhrt von saberrider (552617940168736770)
2025-03-28 13:06:58,594 - event_bot - INFO - Data saved to event_data.pkl
2025-03-28 13:12:24,595 - event_bot - INFO - üë§ Admin-Panel ge√∂ffnet: saberrider (552617940168736770) hat das Admin-Panel f√ºr das Event 'Saber the huth' ge√∂ffnet
